Exporter version: 5.4.2, Blender version: 2.78 (sub 0)
========= Conversion from Blender to Babylon.js =========
	Scene settings used:
		selected layers only:  false
		flat shading entire scene:  true
		inline textures:  false
		texture directory:  G:\Projects!\3D Gallery\
	Python World class constructor completed
	WARNING: No active camera has been assigned, or is not in a currently selected Blender layer
	processing begun of mesh:  Cube
		processing begun of Standard material:  Material_1
			WARNING: Mesh has no UV maps, material:  "Texture.001" ignored
		num positions      :  36
		num normals        :  36
		num uvs            :  0
		num uvs2           :  0
		num colors         :  0
		num indices        :  36
	processing begun of node:  construction
	processing begun of node:  ground
	processing begun of mesh:  Object_3
		processing begun of Standard material:  ground
			Diffuse texture found "Texture.002"
				Image texture found, type:  diffuseTexture, mapped using: "UVMap"
	WARNING: Error encountered processing image file:  , Error:  [Errno 2] No such file or directory: 'G:\\Projects!\\3D Gallery\\assets\\models\\..\\textures\\grass.jpg'
		num positions      :  1584
		num normals        :  1584
		num uvs            :  3168
		num uvs2           :  0
		num colors         :  0
		num indices        :  1584
	processing begun of node:  window
	processing begun of mesh:  window_2
		processing begun of Standard material:  window.001
		num positions      :  5244
		num normals        :  5244
		num uvs            :  10488
		num uvs2           :  0
		num colors         :  0
		num indices        :  5244
	processing begun of node:  lights
	processing begun of mesh:  light_72
		processing begun of Standard material:  lights
		num positions      :  1584
		num normals        :  1584
		num uvs            :  3168
		num uvs2           :  0
		num colors         :  0
		num indices        :  1584
	processing begun of mesh:  light_71
		registered as also a user of material:  lights
		num positions      :  1584
		num normals        :  1584
		num uvs            :  3168
		num uvs2           :  0
		num colors         :  0
		num indices        :  1584
	processing begun of mesh:  light_70
		registered as also a user of material:  lights
		num positions      :  1584
		num normals        :  1584
		num uvs            :  3168
		num uvs2           :  0
		num colors         :  0
		num indices        :  1584
	processing begun of mesh:  light_69
		registered as also a user of material:  lights
		num positions      :  1584
		num normals        :  1584
		num uvs            :  3168
		num uvs2           :  0
		num colors         :  0
		num indices        :  1584
	processing begun of mesh:  light_68
		registered as also a user of material:  lights
		num positions      :  1584
		num normals        :  1584
		num uvs            :  3168
		num uvs2           :  0
		num colors         :  0
		num indices        :  1584
	processing begun of mesh:  light_67
		registered as also a user of material:  lights
		num positions      :  1584
		num normals        :  1584
		num uvs            :  3168
		num uvs2           :  0
		num colors         :  0
		num indices        :  1584
	processing begun of mesh:  light_66
		registered as also a user of material:  lights
		num positions      :  1584
		num normals        :  1584
		num uvs            :  3168
		num uvs2           :  0
		num colors         :  0
		num indices        :  1584
	processing begun of mesh:  light_65
		registered as also a user of material:  lights
		num positions      :  1584
		num normals        :  1584
		num uvs            :  3168
		num uvs2           :  0
		num colors         :  0
		num indices        :  1584
	processing begun of mesh:  light_64
		registered as also a user of material:  lights
		num positions      :  1584
		num normals        :  1584
		num uvs            :  3168
		num uvs2           :  0
		num colors         :  0
		num indices        :  1584
	processing begun of mesh:  light_63
		registered as also a user of material:  lights
		num positions      :  1584
		num normals        :  1584
		num uvs            :  3168
		num uvs2           :  0
		num colors         :  0
		num indices        :  1584
	processing begun of mesh:  light_62
		registered as also a user of material:  lights
		num positions      :  1584
		num normals        :  1584
		num uvs            :  3168
		num uvs2           :  0
		num colors         :  0
		num indices        :  1584
	processing begun of mesh:  light_61
		registered as also a user of material:  lights
		num positions      :  1584
		num normals        :  1584
		num uvs            :  3168
		num uvs2           :  0
		num colors         :  0
		num indices        :  1584
	processing begun of mesh:  light_60
		registered as also a user of material:  lights
		num positions      :  1584
		num normals        :  1584
		num uvs            :  3168
		num uvs2           :  0
		num colors         :  0
		num indices        :  1584
	processing begun of mesh:  light_59
		registered as also a user of material:  lights
		num positions      :  1584
		num normals        :  1584
		num uvs            :  3168
		num uvs2           :  0
		num colors         :  0
		num indices        :  1584
	processing begun of mesh:  light_58
		registered as also a user of material:  lights
		num positions      :  1584
		num normals        :  1584
		num uvs            :  3168
		num uvs2           :  0
		num colors         :  0
		num indices        :  1584
	processing begun of mesh:  light_57
		registered as also a user of material:  lights
		num positions      :  1584
		num normals        :  1584
		num uvs            :  3168
		num uvs2           :  0
		num colors         :  0
		num indices        :  1584
	processing begun of mesh:  light_56
		registered as also a user of material:  lights
		num positions      :  1584
		num normals        :  1584
		num uvs            :  3168
		num uvs2           :  0
		num colors         :  0
		num indices        :  1584
	processing begun of mesh:  light_55
		registered as also a user of material:  lights
		num positions      :  1584
		num normals        :  1584
		num uvs            :  3168
		num uvs2           :  0
		num colors         :  0
		num indices        :  1584
	processing begun of mesh:  light_54
		registered as also a user of material:  lights
		num positions      :  1584
		num normals        :  1584
		num uvs            :  3168
		num uvs2           :  0
		num colors         :  0
		num indices        :  1584
	processing begun of mesh:  light_53
		registered as also a user of material:  lights
		num positions      :  1584
		num normals        :  1584
		num uvs            :  3168
		num uvs2           :  0
		num colors         :  0
		num indices        :  1584
	processing begun of mesh:  light_52
		registered as also a user of material:  lights
		num positions      :  1584
		num normals        :  1584
		num uvs            :  3168
		num uvs2           :  0
		num colors         :  0
		num indices        :  1584
	processing begun of mesh:  light_51
		registered as also a user of material:  lights
		num positions      :  1584
		num normals        :  1584
		num uvs            :  3168
		num uvs2           :  0
		num colors         :  0
		num indices        :  1584
	processing begun of mesh:  light_50
		registered as also a user of material:  lights
		num positions      :  1584
		num normals        :  1584
		num uvs            :  3168
		num uvs2           :  0
		num colors         :  0
		num indices        :  1584
	processing begun of mesh:  light_49
		registered as also a user of material:  lights
		num positions      :  1584
		num normals        :  1584
		num uvs            :  3168
		num uvs2           :  0
		num colors         :  0
		num indices        :  1584
	processing begun of mesh:  light_48
		registered as also a user of material:  lights
		num positions      :  1584
		num normals        :  1584
		num uvs            :  3168
		num uvs2           :  0
		num colors         :  0
		num indices        :  1584
	processing begun of mesh:  light_47
		registered as also a user of material:  lights
		num positions      :  1584
		num normals        :  1584
		num uvs            :  3168
		num uvs2           :  0
		num colors         :  0
		num indices        :  1584
	processing begun of mesh:  light_46
		registered as also a user of material:  lights
		num positions      :  1584
		num normals        :  1584
		num uvs            :  3168
		num uvs2           :  0
		num colors         :  0
		num indices        :  1584
	processing begun of mesh:  light_45
		registered as also a user of material:  lights
		num positions      :  1584
		num normals        :  1584
		num uvs            :  3168
		num uvs2           :  0
		num colors         :  0
		num indices        :  1584
	processing begun of mesh:  light_44
		registered as also a user of material:  lights
		num positions      :  1584
		num normals        :  1584
		num uvs            :  3168
		num uvs2           :  0
		num colors         :  0
		num indices        :  1584
	processing begun of mesh:  light_43
		registered as also a user of material:  lights
		num positions      :  1584
		num normals        :  1584
		num uvs            :  3168
		num uvs2           :  0
		num colors         :  0
		num indices        :  1584
	processing begun of mesh:  light_42
		registered as also a user of material:  lights
		num positions      :  1584
		num normals        :  1584
		num uvs            :  3168
		num uvs2           :  0
		num colors         :  0
		num indices        :  1584
	processing begun of mesh:  light_41
		registered as also a user of material:  lights
		num positions      :  1584
		num normals        :  1584
		num uvs            :  3168
		num uvs2           :  0
		num colors         :  0
		num indices        :  1584
	processing begun of mesh:  light_40
		registered as also a user of material:  lights
		num positions      :  1584
		num normals        :  1584
		num uvs            :  3168
		num uvs2           :  0
		num colors         :  0
		num indices        :  1584
	processing begun of mesh:  light_39
		registered as also a user of material:  lights
		num positions      :  1584
		num normals        :  1584
		num uvs            :  3168
		num uvs2           :  0
		num colors         :  0
		num indices        :  1584
	processing begun of mesh:  light_38
		registered as also a user of material:  lights
		num positions      :  1584
		num normals        :  1584
		num uvs            :  3168
		num uvs2           :  0
		num colors         :  0
		num indices        :  1584
	processing begun of mesh:  light_37
		registered as also a user of material:  lights
		num positions      :  1584
		num normals        :  1584
		num uvs            :  3168
		num uvs2           :  0
		num colors         :  0
		num indices        :  1584
	processing begun of mesh:  light_36
		registered as also a user of material:  lights
		num positions      :  1584
		num normals        :  1584
		num uvs            :  3168
		num uvs2           :  0
		num colors         :  0
		num indices        :  1584
	processing begun of mesh:  light_35
		registered as also a user of material:  lights
		num positions      :  1584
		num normals        :  1584
		num uvs            :  3168
		num uvs2           :  0
		num colors         :  0
		num indices        :  1584
	processing begun of mesh:  light_34
		registered as also a user of material:  lights
		num positions      :  1584
		num normals        :  1584
		num uvs            :  3168
		num uvs2           :  0
		num colors         :  0
		num indices        :  1584
	processing begun of mesh:  light_33
		registered as also a user of material:  lights
		num positions      :  1584
		num normals        :  1584
		num uvs            :  3168
		num uvs2           :  0
		num colors         :  0
		num indices        :  1584
	processing begun of mesh:  light_32
		registered as also a user of material:  lights
		num positions      :  1584
		num normals        :  1584
		num uvs            :  3168
		num uvs2           :  0
		num colors         :  0
		num indices        :  1584
	processing begun of mesh:  light_31
		registered as also a user of material:  lights
		num positions      :  1584
		num normals        :  1584
		num uvs            :  3168
		num uvs2           :  0
		num colors         :  0
		num indices        :  1584
	processing begun of mesh:  light_30
		registered as also a user of material:  lights
		num positions      :  1584
		num normals        :  1584
		num uvs            :  3168
		num uvs2           :  0
		num colors         :  0
		num indices        :  1584
	processing begun of mesh:  light_29
		registered as also a user of material:  lights
		num positions      :  1584
		num normals        :  1584
		num uvs            :  3168
		num uvs2           :  0
		num colors         :  0
		num indices        :  1584
	processing begun of mesh:  light_28
		registered as also a user of material:  lights
		num positions      :  1584
		num normals        :  1584
		num uvs            :  3168
		num uvs2           :  0
		num colors         :  0
		num indices        :  1584
	processing begun of mesh:  light_27
		registered as also a user of material:  lights
		num positions      :  1584
		num normals        :  1584
		num uvs            :  3168
		num uvs2           :  0
		num colors         :  0
		num indices        :  1584
	processing begun of mesh:  light_26
		registered as also a user of material:  lights
		num positions      :  1584
		num normals        :  1584
		num uvs            :  3168
		num uvs2           :  0
		num colors         :  0
		num indices        :  1584
	processing begun of mesh:  light_25
		registered as also a user of material:  lights
		num positions      :  1584
		num normals        :  1584
		num uvs            :  3168
		num uvs2           :  0
		num colors         :  0
		num indices        :  1584
	processing begun of mesh:  light_24
		registered as also a user of material:  lights
		num positions      :  1584
		num normals        :  1584
		num uvs            :  3168
		num uvs2           :  0
		num colors         :  0
		num indices        :  1584
	processing begun of mesh:  light_23
		registered as also a user of material:  lights
		num positions      :  1584
		num normals        :  1584
		num uvs            :  3168
		num uvs2           :  0
		num colors         :  0
		num indices        :  1584
	processing begun of mesh:  light_22
		registered as also a user of material:  lights
		num positions      :  1584
		num normals        :  1584
		num uvs            :  3168
		num uvs2           :  0
		num colors         :  0
		num indices        :  1584
	processing begun of mesh:  light_21
		registered as also a user of material:  lights
		num positions      :  1584
		num normals        :  1584
		num uvs            :  3168
		num uvs2           :  0
		num colors         :  0
		num indices        :  1584
	processing begun of mesh:  light_20
		registered as also a user of material:  lights
		num positions      :  1584
		num normals        :  1584
		num uvs            :  3168
		num uvs2           :  0
		num colors         :  0
		num indices        :  1584
	processing begun of mesh:  light_19
		registered as also a user of material:  lights
		num positions      :  1584
		num normals        :  1584
		num uvs            :  3168
		num uvs2           :  0
		num colors         :  0
		num indices        :  1584
	processing begun of mesh:  light_18
		registered as also a user of material:  lights
		num positions      :  1584
		num normals        :  1584
		num uvs            :  3168
		num uvs2           :  0
		num colors         :  0
		num indices        :  1584
	processing begun of mesh:  light_17
		registered as also a user of material:  lights
		num positions      :  1584
		num normals        :  1584
		num uvs            :  3168
		num uvs2           :  0
		num colors         :  0
		num indices        :  1584
	processing begun of mesh:  light_16
		registered as also a user of material:  lights
		num positions      :  1584
		num normals        :  1584
		num uvs            :  3168
		num uvs2           :  0
		num colors         :  0
		num indices        :  1584
	processing begun of mesh:  light_15
		registered as also a user of material:  lights
		num positions      :  1584
		num normals        :  1584
		num uvs            :  3168
		num uvs2           :  0
		num colors         :  0
		num indices        :  1584
	processing begun of mesh:  light_14
		registered as also a user of material:  lights
		num positions      :  1584
		num normals        :  1584
		num uvs            :  3168
		num uvs2           :  0
		num colors         :  0
		num indices        :  1584
	processing begun of mesh:  light_13
		registered as also a user of material:  lights
		num positions      :  1584
		num normals        :  1584
		num uvs            :  3168
		num uvs2           :  0
		num colors         :  0
		num indices        :  1584
	processing begun of mesh:  light_12
		registered as also a user of material:  lights
		num positions      :  1584
		num normals        :  1584
		num uvs            :  3168
		num uvs2           :  0
		num colors         :  0
		num indices        :  1584
	processing begun of mesh:  light_11
		registered as also a user of material:  lights
		num positions      :  1584
		num normals        :  1584
		num uvs            :  3168
		num uvs2           :  0
		num colors         :  0
		num indices        :  1584
	processing begun of mesh:  light_10
		registered as also a user of material:  lights
		num positions      :  1584
		num normals        :  1584
		num uvs            :  3168
		num uvs2           :  0
		num colors         :  0
		num indices        :  1584
	processing begun of mesh:  light_9
		registered as also a user of material:  lights
		num positions      :  1584
		num normals        :  1584
		num uvs            :  3168
		num uvs2           :  0
		num colors         :  0
		num indices        :  1584
	processing begun of mesh:  light_8
		registered as also a user of material:  lights
		num positions      :  1584
		num normals        :  1584
		num uvs            :  3168
		num uvs2           :  0
		num colors         :  0
		num indices        :  1584
	processing begun of mesh:  light_7
		registered as also a user of material:  lights
		num positions      :  1584
		num normals        :  1584
		num uvs            :  3168
		num uvs2           :  0
		num colors         :  0
		num indices        :  1584
	processing begun of mesh:  light_6
		registered as also a user of material:  lights
		num positions      :  1584
		num normals        :  1584
		num uvs            :  3168
		num uvs2           :  0
		num colors         :  0
		num indices        :  1584
	processing begun of mesh:  light_5
		registered as also a user of material:  lights
		num positions      :  1584
		num normals        :  1584
		num uvs            :  3168
		num uvs2           :  0
		num colors         :  0
		num indices        :  1584
	processing begun of mesh:  light_4
		registered as also a user of material:  lights
		num positions      :  1584
		num normals        :  1584
		num uvs            :  3168
		num uvs2           :  0
		num colors         :  0
		num indices        :  1584
	processing begun of mesh:  light_3
		registered as also a user of material:  lights
		num positions      :  1584
		num normals        :  1584
		num uvs            :  3168
		num uvs2           :  0
		num colors         :  0
		num indices        :  1584
	processing begun of mesh:  light_2
		registered as also a user of material:  lights
		num positions      :  1584
		num normals        :  1584
		num uvs            :  3168
		num uvs2           :  0
		num colors         :  0
		num indices        :  1584
	processing begun of mesh:  light
		registered as also a user of material:  lights
		num positions      :  1584
		num normals        :  1584
		num uvs            :  3168
		num uvs2           :  0
		num colors         :  0
		num indices        :  1584
	processing begun of node:  gatest
	processing begun of mesh:  Object_2
		registered as also a user of material:  Material_1
		num positions      :  96
		num normals        :  96
		num uvs            :  192
		num uvs2           :  0
		num colors         :  0
		num indices        :  96
	processing begun of mesh:  Plane
		WARNING: No materials have been assigned: 
		num positions      :  6
		num normals        :  6
		num uvs            :  0
		num uvs2           :  0
		num colors         :  0
		num indices        :  6
	processing begun of mesh:  Cube.001
		registered as also a user of material:  Material_1
		num positions      :  36
		num normals        :  36
		num uvs            :  0
		num uvs2           :  0
		num colors         :  0
		num indices        :  36
	processing begun of light (SUN):  Lamp
	processing begun of shadows for light:  Lamp
========= Writing of scene file started =========
========= Writing of scene file completed =========
========= end of processing =========
elapsed time:  0 min, 3.4115 secs
