Exporter version: 5.4.2, Blender version: 2.78 (sub 0)
========= Conversion from Blender to Babylon.js =========
	Scene settings used:
		selected layers only:  false
		flat shading entire scene:  true
		inline textures:  false
		texture directory:  G:\Projects!\3D Gallery\
	Python World class constructor completed
	WARNING: No active camera has been assigned, or is not in a currently selected Blender layer
	processing begun of mesh:  Cylinder
		processing begun of Standard material:  concreate
			WARNING: Mesh has no UV maps, material:  "Texture" ignored
		num positions      :  2160
		num normals        :  2160
		num uvs            :  0
		num uvs2           :  0
		num colors         :  0
		num indices        :  2160
	processing begun of mesh:  InteriorFloor
		registered as also a user of material:  concreate
		num positions      :  372
		num normals        :  372
		num uvs            :  0
		num uvs2           :  0
		num colors         :  0
		num indices        :  372
	processing begun of mesh:  Cube
		processing begun of Standard material:  Material_1
			WARNING: Mesh has no UV maps, material:  "Texture.001" ignored
		num positions      :  36
		num normals        :  36
		num uvs            :  0
		num uvs2           :  0
		num colors         :  0
		num indices        :  36
	processing begun of node:  construction
	processing begun of node:  ground
	processing begun of node:  window
	processing begun of node:  gatest
	processing begun of mesh:  Object_2
		registered as also a user of material:  Material_1
		num positions      :  96
		num normals        :  96
		num uvs            :  192
		num uvs2           :  0
		num colors         :  0
		num indices        :  96
	processing begun of mesh:  Cube.001
		registered as also a user of material:  Material_1
		num positions      :  36
		num normals        :  36
		num uvs            :  0
		num uvs2           :  0
		num colors         :  0
		num indices        :  36
	processing begun of mesh:  Garden
		processing begun of Standard material:  ground.001
			WARNING: Mesh has no UV maps, material:  "Texture.003" ignored
		num positions      :  372
		num normals        :  372
		num uvs            :  0
		num uvs2           :  0
		num colors         :  0
		num indices        :  372
	processing begun of mesh:  Windows
		processing begun of Standard material:  window2
		num positions      :  372
		num normals        :  372
		num uvs            :  0
		num uvs2           :  0
		num colors         :  0
		num indices        :  372
	processing begun of mesh:  Roof
		registered as also a user of material:  concreate
		num positions      :  768
		num normals        :  768
		num uvs            :  0
		num uvs2           :  0
		num colors         :  0
		num indices        :  768
	processing begun of light (SUN):  Lamp
	processing begun of shadows for light:  Lamp
========= Writing of scene file started =========
========= Writing of scene file completed =========
========= end of processing =========
elapsed time:  0 min, 0.1087 secs
