	Exporter version: 4.6.1, Blender version: 2.79 (sub 0)
========= Conversion from Blender to Babylon.js =========
	Scene settings used:
		selected layers only:  false
		flat shading entire scene:  false
		inline textures:  false
		texture directory:  C:\MAMP\htdocs\tylorlee.net\
	Python World class constructor completed
	WARNING: No active camera has been assigned, or is not in a currently selected Blender layer
	processing begun of mesh:  bevelPolygon14
		processing begun of Standard material:  BladeEdgesV2_001
		num positions      :  222
		num normals        :  222
		num uvs            :  444
		num uvs2           :  0
		num colors         :  0
		num indices        :  438
	processing begun of mesh:  bevelPolygon13
		registered as also a user of material:  BladeEdgesV2_001
		num positions      :  222
		num normals        :  222
		num uvs            :  444
		num uvs2           :  0
		num colors         :  0
		num indices        :  438
	processing begun of node:  bevelPolygon9_001
	processing begun of node:  transform4
	processing begun of node:  pCube12
	processing begun of node:  transform1
	processing begun of node:  pCube11
	processing begun of node:  transform3
	processing begun of mesh:  pCube10
		processing begun of Standard material:  GroundReflection_001
		num positions      :  17
		num normals        :  17
		num uvs            :  34
		num uvs2           :  0
		num colors         :  0
		num indices        :  36
	processing begun of node:  group
	processing begun of node:  pasted__The_Sword
	processing begun of mesh:  pasted__pCylinder4
		processing begun of Standard material:  CoreInner_001
		num positions      :  197
		num normals        :  197
		num uvs            :  394
		num uvs2           :  0
		num colors         :  0
		num indices        :  384
	processing begun of node:  The_Sword
	processing begun of mesh:  pCube8
		processing begun of Standard material:  aiStandardSurface1_001
		num positions      :  77
		num normals        :  77
		num uvs            :  154
		num uvs2           :  0
		num colors         :  0
		num indices        :  228
		WARNING: # of 0 area faces found:  16
	processing begun of node:  light_pCube8
	processing begun of mesh:  pCube7
		processing begun of Standard material:  GlowingCircuits_001
		num positions      :  63
		num normals        :  63
		num uvs            :  126
		num uvs2           :  0
		num colors         :  0
		num indices        :  180
	processing begun of node:  light_pCube7
	processing begun of mesh:  pCube6
		registered as also a user of material:  GlowingCircuits_001
		num positions      :  55
		num normals        :  55
		num uvs            :  110
		num uvs2           :  0
		num colors         :  0
		num indices        :  132
	processing begun of node:  light_pCube6
	processing begun of mesh:  pCube5
		registered as also a user of material:  aiStandardSurface1_001
		num positions      :  58
		num normals        :  58
		num uvs            :  116
		num uvs2           :  0
		num colors         :  0
		num indices        :  156
	processing begun of node:  light_pCube5
	processing begun of node:  group4
	processing begun of mesh:  pCylinder1
		registered as also a user of material:  GlowingCircuits_001
		num positions      :  256
		num normals        :  256
		num uvs            :  512
		num uvs2           :  0
		num colors         :  0
		num indices        :  756
	processing begun of node:  light_pCylinder1
	processing begun of mesh:  pCube1
		registered as also a user of material:  GlowingCircuits_001
		num positions      :  53
		num normals        :  53
		num uvs            :  106
		num uvs2           :  0
		num colors         :  0
		num indices        :  132
	processing begun of node:  light_pCube1
	processing begun of mesh:  pCube2
		registered as also a user of material:  GlowingCircuits_001
		num positions      :  53
		num normals        :  53
		num uvs            :  106
		num uvs2           :  0
		num colors         :  0
		num indices        :  132
	processing begun of node:  light_pCube2
	processing begun of mesh:  pCylinder2
		registered as also a user of material:  GlowingCircuits_001
		num positions      :  258
		num normals        :  258
		num uvs            :  516
		num uvs2           :  0
		num colors         :  0
		num indices        :  756
	processing begun of node:  light_pCylinder2
	processing begun of mesh:  bevelPolygon4
		registered as also a user of material:  GlowingCircuits_001
		num positions      :  426
		num normals        :  426
		num uvs            :  852
		num uvs2           :  0
		num colors         :  0
		num indices        :  1572
	processing begun of node:  light_bevelPolygon4
	processing begun of mesh:  bevelPolygon5
		registered as also a user of material:  GlowingCircuits_001
		num positions      :  1038
		num normals        :  1038
		num uvs            :  2076
		num uvs2           :  0
		num colors         :  0
		num indices        :  3948
	processing begun of node:  light_bevelPolygon5
	processing begun of mesh:  pCylinder3
		registered as also a user of material:  GlowingCircuits_001
		num positions      :  259
		num normals        :  259
		num uvs            :  518
		num uvs2           :  0
		num colors         :  0
		num indices        :  756
	processing begun of node:  light_pCylinder3
	processing begun of mesh:  bevelPolygon3
		registered as also a user of material:  GlowingCircuits_001
		num positions      :  1038
		num normals        :  1038
		num uvs            :  2076
		num uvs2           :  0
		num colors         :  0
		num indices        :  3948
	processing begun of node:  light_bevelPolygon3
	processing begun of mesh:  pCylinder5
		registered as also a user of material:  aiStandardSurface1_001
		num positions      :  689
		num normals        :  689
		num uvs            :  1378
		num uvs2           :  0
		num colors         :  0
		num indices        :  1908
	processing begun of node:  light_pCylinder5
	processing begun of mesh:  pCube4
		registered as also a user of material:  aiStandardSurface1_001
		num positions      :  53
		num normals        :  53
		num uvs            :  106
		num uvs2           :  0
		num colors         :  0
		num indices        :  132
	processing begun of node:  light_pCube4
	processing begun of node:  BladeEdges
	processing begun of node:  bevelPolygon9
	processing begun of node:  transform2
	processing begun of mesh:  pCube3
		registered as also a user of material:  aiStandardSurface1_001
		num positions      :  55
		num normals        :  55
		num uvs            :  110
		num uvs2           :  0
		num colors         :  0
		num indices        :  132
	processing begun of node:  light_pCube3
	processing begun of node:  bevelPolygon12
	processing begun of mesh:  bevelPolygon6
		registered as also a user of material:  BladeEdgesV2_001
		num positions      :  41
		num normals        :  41
		num uvs            :  82
		num uvs2           :  0
		num colors         :  0
		num indices        :  132
	processing begun of mesh:  bevelPolygon7
		registered as also a user of material:  BladeEdgesV2_001
		num positions      :  40
		num normals        :  40
		num uvs            :  80
		num uvs2           :  0
		num colors         :  0
		num indices        :  132
	processing begun of mesh:  bevelPolygon8
		registered as also a user of material:  BladeEdgesV2_001
		num positions      :  40
		num normals        :  40
		num uvs            :  80
		num uvs2           :  0
		num colors         :  0
		num indices        :  132
	processing begun of mesh:  pCylinder4
		processing begun of Standard material:  CoreOuter_001
		num positions      :  197
		num normals        :  197
		num uvs            :  394
		num uvs2           :  0
		num colors         :  0
		num indices        :  384
	processing begun of mesh:  revolvedSurface2
		processing begun of Standard material:  phong5_001
			Diffuse texture found "Texture"
				Image texture found, type:  diffuseTexture, mapped using: "Untitled_022-mesh-map-0"
		registered as also a user of material:  BladeEdgesV2_001
		processing begun of multimaterial:  untitled.Multimaterial#0
		num positions      :  1839
		num normals        :  1839
		num uvs            :  3678
		num uvs2           :  0
		num colors         :  0
		num indices        :  4416
	processing begun of mesh:  bevelPolygon11
		processing begun of Standard material:  BladeBody_001
		num positions      :  167
		num normals        :  167
		num uvs            :  334
		num uvs2           :  0
		num colors         :  0
		num indices        :  888
	processing begun of mesh:  bevelPolygon1
		registered as also a user of material:  phong5_001
		num positions      :  59
		num normals        :  59
		num uvs            :  118
		num uvs2           :  0
		num colors         :  0
		num indices        :  96
	processing begun of node:  group3
	processing begun of node:  bezier5
	processing begun of node:  bezier4
	processing begun of node:  bezier3
	processing begun of node:  bezier1
	processing begun of node:  bezier10
	processing begun of node:  bezier11
	processing begun of node:  bezier9
	processing begun of node:  bezier8
	processing begun of node:  bezier7
	processing begun of node:  bezier6
	processing begun of node:  bezier12
	processing begun of node:  imagePlane1
	processing begun of mesh:  object_39
		processing begun of Standard material:  Default
		num positions      :  8
		num normals        :  8
		num uvs            :  16
		num uvs2           :  0
		num colors         :  0
		num indices        :  36
	processing begun of mesh:  object_167
		registered as also a user of material:  Default
		num positions      :  8
		num normals        :  8
		num uvs            :  16
		num uvs2           :  0
		num colors         :  0
		num indices        :  36
	processing begun of mesh:  object_166
		registered as also a user of material:  Default
		num positions      :  8
		num normals        :  8
		num uvs            :  16
		num uvs2           :  0
		num colors         :  0
		num indices        :  36
	processing begun of mesh:  object_95
		registered as also a user of material:  Default
		num positions      :  8
		num normals        :  8
		num uvs            :  16
		num uvs2           :  0
		num colors         :  0
		num indices        :  36
	processing begun of mesh:  object_135
		registered as also a user of material:  Default
		num positions      :  8
		num normals        :  8
		num uvs            :  16
		num uvs2           :  0
		num colors         :  0
		num indices        :  36
	processing begun of mesh:  object_178
		registered as also a user of material:  Default
		num positions      :  8
		num normals        :  8
		num uvs            :  16
		num uvs2           :  0
		num colors         :  0
		num indices        :  36
	processing begun of mesh:  object_259
		registered as also a user of material:  Default
		num positions      :  110
		num normals        :  110
		num uvs            :  220
		num uvs2           :  0
		num colors         :  0
		num indices        :  150
	processing begun of mesh:  object_31
		registered as also a user of material:  Default
		num positions      :  8
		num normals        :  8
		num uvs            :  16
		num uvs2           :  0
		num colors         :  0
		num indices        :  36
	processing begun of mesh:  object_187
		registered as also a user of material:  Default
		num positions      :  107
		num normals        :  107
		num uvs            :  214
		num uvs2           :  0
		num colors         :  0
		num indices        :  150
	processing begun of mesh:  object_75
		registered as also a user of material:  Default
		num positions      :  8
		num normals        :  8
		num uvs            :  16
		num uvs2           :  0
		num colors         :  0
		num indices        :  36
	processing begun of mesh:  object_277
		registered as also a user of material:  Default
		num positions      :  107
		num normals        :  107
		num uvs            :  214
		num uvs2           :  0
		num colors         :  0
		num indices        :  150
	processing begun of mesh:  object_198
		registered as also a user of material:  Default
		num positions      :  23
		num normals        :  23
		num uvs            :  46
		num uvs2           :  0
		num colors         :  0
		num indices        :  36
	processing begun of mesh:  object_228
		registered as also a user of material:  Default
		num positions      :  121
		num normals        :  121
		num uvs            :  242
		num uvs2           :  0
		num colors         :  0
		num indices        :  162
	processing begun of mesh:  object_163
		registered as also a user of material:  Default
		num positions      :  8
		num normals        :  8
		num uvs            :  16
		num uvs2           :  0
		num colors         :  0
		num indices        :  36
	processing begun of mesh:  object_235
		registered as also a user of material:  Default
		num positions      :  110
		num normals        :  110
		num uvs            :  220
		num uvs2           :  0
		num colors         :  0
		num indices        :  150
	processing begun of mesh:  object_298
		registered as also a user of material:  Default
		num positions      :  4
		num normals        :  4
		num uvs            :  8
		num uvs2           :  0
		num colors         :  0
		num indices        :  6
	processing begun of mesh:  object_68
		registered as also a user of material:  Default
		num positions      :  8
		num normals        :  8
		num uvs            :  16
		num uvs2           :  0
		num colors         :  0
		num indices        :  36
	processing begun of mesh:  object_148
		registered as also a user of material:  Default
		num positions      :  8
		num normals        :  8
		num uvs            :  16
		num uvs2           :  0
		num colors         :  0
		num indices        :  36
	processing begun of mesh:  object_51
		registered as also a user of material:  Default
		num positions      :  8
		num normals        :  8
		num uvs            :  16
		num uvs2           :  0
		num colors         :  0
		num indices        :  36
	processing begun of mesh:  object_45
		registered as also a user of material:  Default
		num positions      :  8
		num normals        :  8
		num uvs            :  16
		num uvs2           :  0
		num colors         :  0
		num indices        :  36
	processing begun of mesh:  object_211
		registered as also a user of material:  Default
		num positions      :  23
		num normals        :  23
		num uvs            :  46
		num uvs2           :  0
		num colors         :  0
		num indices        :  36
	processing begun of mesh:  object_16
		registered as also a user of material:  Default
		num positions      :  8
		num normals        :  8
		num uvs            :  16
		num uvs2           :  0
		num colors         :  0
		num indices        :  36
	processing begun of mesh:  object_157
		registered as also a user of material:  Default
		num positions      :  8
		num normals        :  8
		num uvs            :  16
		num uvs2           :  0
		num colors         :  0
		num indices        :  36
	processing begun of mesh:  object_123
		registered as also a user of material:  Default
		num positions      :  8
		num normals        :  8
		num uvs            :  16
		num uvs2           :  0
		num colors         :  0
		num indices        :  36
	processing begun of mesh:  object_21
		registered as also a user of material:  Default
		num positions      :  8
		num normals        :  8
		num uvs            :  16
		num uvs2           :  0
		num colors         :  0
		num indices        :  36
	processing begun of mesh:  object_8
		registered as also a user of material:  Default
		num positions      :  8
		num normals        :  8
		num uvs            :  16
		num uvs2           :  0
		num colors         :  0
		num indices        :  36
	processing begun of mesh:  object_231
		processing begun of Standard material:  Material_002
		num positions      :  6870
		num normals        :  6870
		num uvs            :  13740
		num uvs2           :  0
		num colors         :  0
		num indices        :  44280
	processing begun of mesh:  object_256
		registered as also a user of material:  Default
		num positions      :  110
		num normals        :  110
		num uvs            :  220
		num uvs2           :  0
		num colors         :  0
		num indices        :  150
	processing begun of mesh:  object_165
		registered as also a user of material:  Default
		num positions      :  8
		num normals        :  8
		num uvs            :  16
		num uvs2           :  0
		num colors         :  0
		num indices        :  36
	processing begun of mesh:  object_221
		registered as also a user of material:  Default
		num positions      :  23
		num normals        :  23
		num uvs            :  46
		num uvs2           :  0
		num colors         :  0
		num indices        :  36
	processing begun of mesh:  object_150
		registered as also a user of material:  Default
		num positions      :  8
		num normals        :  8
		num uvs            :  16
		num uvs2           :  0
		num colors         :  0
		num indices        :  36
	processing begun of mesh:  object_242
		registered as also a user of material:  Default
		num positions      :  110
		num normals        :  110
		num uvs            :  220
		num uvs2           :  0
		num colors         :  0
		num indices        :  150
	processing begun of mesh:  object_69
		registered as also a user of material:  Default
		num positions      :  8
		num normals        :  8
		num uvs            :  16
		num uvs2           :  0
		num colors         :  0
		num indices        :  36
	processing begun of mesh:  object_88
		registered as also a user of material:  Default
		num positions      :  8
		num normals        :  8
		num uvs            :  16
		num uvs2           :  0
		num colors         :  0
		num indices        :  36
	processing begun of mesh:  object_18
		registered as also a user of material:  Default
		num positions      :  8
		num normals        :  8
		num uvs            :  16
		num uvs2           :  0
		num colors         :  0
		num indices        :  36
	processing begun of mesh:  object_192
		registered as also a user of material:  Default
		num positions      :  23
		num normals        :  23
		num uvs            :  46
		num uvs2           :  0
		num colors         :  0
		num indices        :  36
	processing begun of mesh:  object_269
		registered as also a user of material:  Default
		num positions      :  107
		num normals        :  107
		num uvs            :  214
		num uvs2           :  0
		num colors         :  0
		num indices        :  150
	processing begun of mesh:  object_263
		registered as also a user of material:  Default
		num positions      :  110
		num normals        :  110
		num uvs            :  220
		num uvs2           :  0
		num colors         :  0
		num indices        :  150
	processing begun of mesh:  object_295
		registered as also a user of material:  Default
		num positions      :  107
		num normals        :  107
		num uvs            :  214
		num uvs2           :  0
		num colors         :  0
		num indices        :  150
	processing begun of mesh:  object_155
		registered as also a user of material:  Default
		num positions      :  8
		num normals        :  8
		num uvs            :  16
		num uvs2           :  0
		num colors         :  0
		num indices        :  36
	processing begun of mesh:  object_215
		registered as also a user of material:  Default
		num positions      :  23
		num normals        :  23
		num uvs            :  46
		num uvs2           :  0
		num colors         :  0
		num indices        :  36
	processing begun of mesh:  object_188
		registered as also a user of material:  Default
		num positions      :  107
		num normals        :  107
		num uvs            :  214
		num uvs2           :  0
		num colors         :  0
		num indices        :  150
	processing begun of mesh:  object_47
		registered as also a user of material:  Default
		num positions      :  8
		num normals        :  8
		num uvs            :  16
		num uvs2           :  0
		num colors         :  0
		num indices        :  36
	processing begun of mesh:  object_63
		registered as also a user of material:  Default
		num positions      :  8
		num normals        :  8
		num uvs            :  16
		num uvs2           :  0
		num colors         :  0
		num indices        :  36
	processing begun of mesh:  object_66
		registered as also a user of material:  Default
		num positions      :  8
		num normals        :  8
		num uvs            :  16
		num uvs2           :  0
		num colors         :  0
		num indices        :  36
	processing begun of mesh:  object_132
		registered as also a user of material:  Default
		num positions      :  8
		num normals        :  8
		num uvs            :  16
		num uvs2           :  0
		num colors         :  0
		num indices        :  36
	processing begun of mesh:  object_250
		registered as also a user of material:  Default
		num positions      :  106
		num normals        :  106
		num uvs            :  212
		num uvs2           :  0
		num colors         :  0
		num indices        :  150
	processing begun of mesh:  object_252
		registered as also a user of material:  Default
		num positions      :  108
		num normals        :  108
		num uvs            :  216
		num uvs2           :  0
		num colors         :  0
		num indices        :  150
	processing begun of mesh:  object_176
		registered as also a user of material:  Default
		num positions      :  8
		num normals        :  8
		num uvs            :  16
		num uvs2           :  0
		num colors         :  0
		num indices        :  36
	processing begun of mesh:  object_293
		registered as also a user of material:  Default
		num positions      :  107
		num normals        :  107
		num uvs            :  214
		num uvs2           :  0
		num colors         :  0
		num indices        :  150
	processing begun of mesh:  object_255
		registered as also a user of material:  Default
		num positions      :  110
		num normals        :  110
		num uvs            :  220
		num uvs2           :  0
		num colors         :  0
		num indices        :  150
	processing begun of mesh:  object_144
		registered as also a user of material:  Default
		num positions      :  8
		num normals        :  8
		num uvs            :  16
		num uvs2           :  0
		num colors         :  0
		num indices        :  36
	processing begun of mesh:  object_139
		registered as also a user of material:  Default
		num positions      :  8
		num normals        :  8
		num uvs            :  16
		num uvs2           :  0
		num colors         :  0
		num indices        :  36
	processing begun of mesh:  object_154
		registered as also a user of material:  Default
		num positions      :  8
		num normals        :  8
		num uvs            :  16
		num uvs2           :  0
		num colors         :  0
		num indices        :  36
	processing begun of mesh:  object_115
		registered as also a user of material:  Default
		num positions      :  8
		num normals        :  8
		num uvs            :  16
		num uvs2           :  0
		num colors         :  0
		num indices        :  36
	processing begun of mesh:  object_162
		registered as also a user of material:  Default
		num positions      :  8
		num normals        :  8
		num uvs            :  16
		num uvs2           :  0
		num colors         :  0
		num indices        :  36
	processing begun of mesh:  object_190
		registered as also a user of material:  Default
		num positions      :  23
		num normals        :  23
		num uvs            :  46
		num uvs2           :  0
		num colors         :  0
		num indices        :  36
	processing begun of mesh:  object_170
		registered as also a user of material:  Default
		num positions      :  8
		num normals        :  8
		num uvs            :  16
		num uvs2           :  0
		num colors         :  0
		num indices        :  36
	processing begun of mesh:  object_101
		registered as also a user of material:  Default
		num positions      :  8
		num normals        :  8
		num uvs            :  16
		num uvs2           :  0
		num colors         :  0
		num indices        :  36
	processing begun of mesh:  object_128
		registered as also a user of material:  Default
		num positions      :  8
		num normals        :  8
		num uvs            :  16
		num uvs2           :  0
		num colors         :  0
		num indices        :  36
	processing begun of mesh:  object_24
		registered as also a user of material:  Default
		num positions      :  8
		num normals        :  8
		num uvs            :  16
		num uvs2           :  0
		num colors         :  0
		num indices        :  36
	processing begun of mesh:  object_160
		registered as also a user of material:  Default
		num positions      :  8
		num normals        :  8
		num uvs            :  16
		num uvs2           :  0
		num colors         :  0
		num indices        :  36
	processing begun of mesh:  object_40
		registered as also a user of material:  Default
		num positions      :  8
		num normals        :  8
		num uvs            :  16
		num uvs2           :  0
		num colors         :  0
		num indices        :  36
	processing begun of mesh:  object_197
		registered as also a user of material:  Default
		num positions      :  23
		num normals        :  23
		num uvs            :  46
		num uvs2           :  0
		num colors         :  0
		num indices        :  36
	processing begun of mesh:  object_76
		registered as also a user of material:  Default
		num positions      :  8
		num normals        :  8
		num uvs            :  16
		num uvs2           :  0
		num colors         :  0
		num indices        :  36
	processing begun of mesh:  object_126
		registered as also a user of material:  Default
		num positions      :  8
		num normals        :  8
		num uvs            :  16
		num uvs2           :  0
		num colors         :  0
		num indices        :  36
	processing begun of mesh:  object_113
		registered as also a user of material:  Default
		num positions      :  8
		num normals        :  8
		num uvs            :  16
		num uvs2           :  0
		num colors         :  0
		num indices        :  36
	processing begun of mesh:  object_11
		registered as also a user of material:  Default
		num positions      :  8
		num normals        :  8
		num uvs            :  16
		num uvs2           :  0
		num colors         :  0
		num indices        :  36
	processing begun of mesh:  object_43
		registered as also a user of material:  Default
		num positions      :  8
		num normals        :  8
		num uvs            :  16
		num uvs2           :  0
		num colors         :  0
		num indices        :  36
	processing begun of mesh:  object_279
		registered as also a user of material:  Default
		num positions      :  107
		num normals        :  107
		num uvs            :  214
		num uvs2           :  0
		num colors         :  0
		num indices        :  150
	processing begun of mesh:  object_1
		registered as also a user of material:  Default
		processing begun of Standard material:  Material_003
		processing begun of multimaterial:  untitled.Multimaterial#1
		num positions      :  5237
		num normals        :  5237
		num uvs            :  10474
		num uvs2           :  0
		num colors         :  0
		num indices        :  9282
	processing begun of mesh:  object_219
		registered as also a user of material:  Default
		num positions      :  23
		num normals        :  23
		num uvs            :  46
		num uvs2           :  0
		num colors         :  0
		num indices        :  36
	processing begun of mesh:  object_82
		registered as also a user of material:  Default
		num positions      :  8
		num normals        :  8
		num uvs            :  16
		num uvs2           :  0
		num colors         :  0
		num indices        :  36
	processing begun of mesh:  object_91
		registered as also a user of material:  Default
		num positions      :  8
		num normals        :  8
		num uvs            :  16
		num uvs2           :  0
		num colors         :  0
		num indices        :  36
	processing begun of mesh:  object_222
		registered as also a user of material:  Default
		num positions      :  23
		num normals        :  23
		num uvs            :  46
		num uvs2           :  0
		num colors         :  0
		num indices        :  36
	processing begun of mesh:  object_119
		registered as also a user of material:  Default
		num positions      :  8
		num normals        :  8
		num uvs            :  16
		num uvs2           :  0
		num colors         :  0
		num indices        :  36
	processing begun of mesh:  object_110
		registered as also a user of material:  Default
		num positions      :  8
		num normals        :  8
		num uvs            :  16
		num uvs2           :  0
		num colors         :  0
		num indices        :  36
	processing begun of mesh:  object_59
		registered as also a user of material:  Default
		num positions      :  8
		num normals        :  8
		num uvs            :  16
		num uvs2           :  0
		num colors         :  0
		num indices        :  36
	processing begun of mesh:  object_238
		registered as also a user of material:  Default
		num positions      :  110
		num normals        :  110
		num uvs            :  220
		num uvs2           :  0
		num colors         :  0
		num indices        :  150
	processing begun of mesh:  object_276
		registered as also a user of material:  Default
		num positions      :  107
		num normals        :  107
		num uvs            :  214
		num uvs2           :  0
		num colors         :  0
		num indices        :  150
	processing begun of mesh:  object_7
		registered as also a user of material:  Default
		num positions      :  8
		num normals        :  8
		num uvs            :  16
		num uvs2           :  0
		num colors         :  0
		num indices        :  36
	processing begun of mesh:  object_281
		registered as also a user of material:  Default
		num positions      :  107
		num normals        :  107
		num uvs            :  214
		num uvs2           :  0
		num colors         :  0
		num indices        :  150
	processing begun of mesh:  object_71
		registered as also a user of material:  Default
		num positions      :  8
		num normals        :  8
		num uvs            :  16
		num uvs2           :  0
		num colors         :  0
		num indices        :  36
	processing begun of mesh:  object_248
		registered as also a user of material:  Default
		num positions      :  110
		num normals        :  110
		num uvs            :  220
		num uvs2           :  0
		num colors         :  0
		num indices        :  150
	processing begun of mesh:  object_26
		registered as also a user of material:  Default
		num positions      :  8
		num normals        :  8
		num uvs            :  16
		num uvs2           :  0
		num colors         :  0
		num indices        :  36
	processing begun of mesh:  object_29
		registered as also a user of material:  Default
		num positions      :  8
		num normals        :  8
		num uvs            :  16
		num uvs2           :  0
		num colors         :  0
		num indices        :  36
	processing begun of mesh:  object_137
		registered as also a user of material:  Default
		num positions      :  8
		num normals        :  8
		num uvs            :  16
		num uvs2           :  0
		num colors         :  0
		num indices        :  36
	processing begun of mesh:  object_106
		registered as also a user of material:  Default
		num positions      :  8
		num normals        :  8
		num uvs            :  16
		num uvs2           :  0
		num colors         :  0
		num indices        :  36
	processing begun of mesh:  object_44
		registered as also a user of material:  Default
		num positions      :  8
		num normals        :  8
		num uvs            :  16
		num uvs2           :  0
		num colors         :  0
		num indices        :  36
	processing begun of mesh:  object_189
		registered as also a user of material:  Default
		num positions      :  70
		num normals        :  70
		num uvs            :  140
		num uvs2           :  0
		num colors         :  0
		num indices        :  96
	processing begun of mesh:  object_180
		registered as also a user of material:  Default
		num positions      :  8
		num normals        :  8
		num uvs            :  16
		num uvs2           :  0
		num colors         :  0
		num indices        :  36
	processing begun of mesh:  object_174
		registered as also a user of material:  Default
		num positions      :  8
		num normals        :  8
		num uvs            :  16
		num uvs2           :  0
		num colors         :  0
		num indices        :  36
	processing begun of mesh:  object_244
		registered as also a user of material:  Default
		num positions      :  110
		num normals        :  110
		num uvs            :  220
		num uvs2           :  0
		num colors         :  0
		num indices        :  150
	processing begun of mesh:  object_134
		registered as also a user of material:  Default
		num positions      :  8
		num normals        :  8
		num uvs            :  16
		num uvs2           :  0
		num colors         :  0
		num indices        :  36
	processing begun of mesh:  object_153
		registered as also a user of material:  Default
		num positions      :  8
		num normals        :  8
		num uvs            :  16
		num uvs2           :  0
		num colors         :  0
		num indices        :  36
	processing begun of mesh:  object_114
		registered as also a user of material:  Default
		num positions      :  8
		num normals        :  8
		num uvs            :  16
		num uvs2           :  0
		num colors         :  0
		num indices        :  36
	processing begun of mesh:  object_97
		registered as also a user of material:  Default
		num positions      :  8
		num normals        :  8
		num uvs            :  16
		num uvs2           :  0
		num colors         :  0
		num indices        :  36
	processing begun of mesh:  object_73
		registered as also a user of material:  Default
		num positions      :  8
		num normals        :  8
		num uvs            :  16
		num uvs2           :  0
		num colors         :  0
		num indices        :  36
	processing begun of mesh:  object_254
		registered as also a user of material:  Default
		num positions      :  110
		num normals        :  110
		num uvs            :  220
		num uvs2           :  0
		num colors         :  0
		num indices        :  150
	processing begun of mesh:  object_272
		registered as also a user of material:  Default
		num positions      :  107
		num normals        :  107
		num uvs            :  214
		num uvs2           :  0
		num colors         :  0
		num indices        :  150
	processing begun of mesh:  object_278
		registered as also a user of material:  Default
		num positions      :  107
		num normals        :  107
		num uvs            :  214
		num uvs2           :  0
		num colors         :  0
		num indices        :  150
	processing begun of mesh:  object_87
		registered as also a user of material:  Default
		num positions      :  8
		num normals        :  8
		num uvs            :  16
		num uvs2           :  0
		num colors         :  0
		num indices        :  36
	processing begun of mesh:  object_14
		registered as also a user of material:  Default
		num positions      :  8
		num normals        :  8
		num uvs            :  16
		num uvs2           :  0
		num colors         :  0
		num indices        :  36
	processing begun of mesh:  object_79
		registered as also a user of material:  Default
		num positions      :  8
		num normals        :  8
		num uvs            :  16
		num uvs2           :  0
		num colors         :  0
		num indices        :  36
	processing begun of mesh:  object_186
		registered as also a user of material:  Default
		num positions      :  107
		num normals        :  107
		num uvs            :  214
		num uvs2           :  0
		num colors         :  0
		num indices        :  150
	processing begun of mesh:  object_62
		registered as also a user of material:  Default
		num positions      :  8
		num normals        :  8
		num uvs            :  16
		num uvs2           :  0
		num colors         :  0
		num indices        :  36
	processing begun of mesh:  object_85
		registered as also a user of material:  Default
		num positions      :  8
		num normals        :  8
		num uvs            :  16
		num uvs2           :  0
		num colors         :  0
		num indices        :  36
	processing begun of mesh:  object_237
		registered as also a user of material:  Default
		num positions      :  110
		num normals        :  110
		num uvs            :  220
		num uvs2           :  0
		num colors         :  0
		num indices        :  150
	processing begun of mesh:  object_72
		registered as also a user of material:  Default
		num positions      :  8
		num normals        :  8
		num uvs            :  16
		num uvs2           :  0
		num colors         :  0
		num indices        :  36
	processing begun of mesh:  object_120
		registered as also a user of material:  Default
		num positions      :  8
		num normals        :  8
		num uvs            :  16
		num uvs2           :  0
		num colors         :  0
		num indices        :  36
	processing begun of mesh:  object_246
		registered as also a user of material:  Default
		num positions      :  110
		num normals        :  110
		num uvs            :  220
		num uvs2           :  0
		num colors         :  0
		num indices        :  150
	processing begun of mesh:  object_92
		registered as also a user of material:  Default
		num positions      :  8
		num normals        :  8
		num uvs            :  16
		num uvs2           :  0
		num colors         :  0
		num indices        :  36
	processing begun of mesh:  object_200
		registered as also a user of material:  Default
		num positions      :  23
		num normals        :  23
		num uvs            :  46
		num uvs2           :  0
		num colors         :  0
		num indices        :  36
	processing begun of mesh:  object_108
		registered as also a user of material:  Default
		num positions      :  8
		num normals        :  8
		num uvs            :  16
		num uvs2           :  0
		num colors         :  0
		num indices        :  36
	processing begun of mesh:  object_204
		registered as also a user of material:  Default
		num positions      :  23
		num normals        :  23
		num uvs            :  46
		num uvs2           :  0
		num colors         :  0
		num indices        :  36
	processing begun of mesh:  object_284
		registered as also a user of material:  Default
		num positions      :  107
		num normals        :  107
		num uvs            :  214
		num uvs2           :  0
		num colors         :  0
		num indices        :  150
	processing begun of mesh:  object_251
		registered as also a user of material:  Default
		num positions      :  110
		num normals        :  110
		num uvs            :  220
		num uvs2           :  0
		num colors         :  0
		num indices        :  150
	processing begun of mesh:  object_60
		registered as also a user of material:  Default
		num positions      :  8
		num normals        :  8
		num uvs            :  16
		num uvs2           :  0
		num colors         :  0
		num indices        :  36
	processing begun of mesh:  object_243
		registered as also a user of material:  Default
		num positions      :  110
		num normals        :  110
		num uvs            :  220
		num uvs2           :  0
		num colors         :  0
		num indices        :  150
	processing begun of mesh:  object_104
		registered as also a user of material:  Default
		num positions      :  8
		num normals        :  8
		num uvs            :  16
		num uvs2           :  0
		num colors         :  0
		num indices        :  36
	processing begun of mesh:  object_282
		registered as also a user of material:  Default
		num positions      :  107
		num normals        :  107
		num uvs            :  214
		num uvs2           :  0
		num colors         :  0
		num indices        :  150
	processing begun of mesh:  object_271
		registered as also a user of material:  Default
		num positions      :  107
		num normals        :  107
		num uvs            :  214
		num uvs2           :  0
		num colors         :  0
		num indices        :  150
	processing begun of mesh:  object_32
		registered as also a user of material:  Default
		num positions      :  8
		num normals        :  8
		num uvs            :  16
		num uvs2           :  0
		num colors         :  0
		num indices        :  36
	processing begun of mesh:  object_22
		registered as also a user of material:  Default
		num positions      :  8
		num normals        :  8
		num uvs            :  16
		num uvs2           :  0
		num colors         :  0
		num indices        :  36
	processing begun of mesh:  object_289
		registered as also a user of material:  Default
		num positions      :  107
		num normals        :  107
		num uvs            :  214
		num uvs2           :  0
		num colors         :  0
		num indices        :  150
	processing begun of mesh:  object_280
		registered as also a user of material:  Default
		num positions      :  107
		num normals        :  107
		num uvs            :  214
		num uvs2           :  0
		num colors         :  0
		num indices        :  150
	processing begun of mesh:  object_209
		registered as also a user of material:  Default
		num positions      :  23
		num normals        :  23
		num uvs            :  46
		num uvs2           :  0
		num colors         :  0
		num indices        :  36
	processing begun of mesh:  object_261
		registered as also a user of material:  Default
		num positions      :  110
		num normals        :  110
		num uvs            :  220
		num uvs2           :  0
		num colors         :  0
		num indices        :  150
	processing begun of mesh:  object_74
		registered as also a user of material:  Default
		num positions      :  8
		num normals        :  8
		num uvs            :  16
		num uvs2           :  0
		num colors         :  0
		num indices        :  36
	processing begun of mesh:  object_151
		registered as also a user of material:  Default
		num positions      :  8
		num normals        :  8
		num uvs            :  16
		num uvs2           :  0
		num colors         :  0
		num indices        :  36
	processing begun of mesh:  object_42
		registered as also a user of material:  Default
		num positions      :  8
		num normals        :  8
		num uvs            :  16
		num uvs2           :  0
		num colors         :  0
		num indices        :  36
	processing begun of mesh:  object_102
		registered as also a user of material:  Default
		num positions      :  8
		num normals        :  8
		num uvs            :  16
		num uvs2           :  0
		num colors         :  0
		num indices        :  36
	processing begun of mesh:  object_168
		registered as also a user of material:  Default
		num positions      :  8
		num normals        :  8
		num uvs            :  16
		num uvs2           :  0
		num colors         :  0
		num indices        :  36
	processing begun of mesh:  object_129
		registered as also a user of material:  Default
		num positions      :  8
		num normals        :  8
		num uvs            :  16
		num uvs2           :  0
		num colors         :  0
		num indices        :  36
	processing begun of mesh:  object_105
		registered as also a user of material:  Default
		num positions      :  8
		num normals        :  8
		num uvs            :  16
		num uvs2           :  0
		num colors         :  0
		num indices        :  36
	processing begun of mesh:  object_86
		registered as also a user of material:  Default
		num positions      :  8
		num normals        :  8
		num uvs            :  16
		num uvs2           :  0
		num colors         :  0
		num indices        :  36
	processing begun of mesh:  object_240
		registered as also a user of material:  Default
		num positions      :  110
		num normals        :  110
		num uvs            :  220
		num uvs2           :  0
		num colors         :  0
		num indices        :  150
	processing begun of mesh:  object_290
		registered as also a user of material:  Default
		num positions      :  107
		num normals        :  107
		num uvs            :  214
		num uvs2           :  0
		num colors         :  0
		num indices        :  150
	processing begun of mesh:  object_10
		registered as also a user of material:  Default
		num positions      :  8
		num normals        :  8
		num uvs            :  16
		num uvs2           :  0
		num colors         :  0
		num indices        :  36
	processing begun of mesh:  object_111
		registered as also a user of material:  Default
		num positions      :  8
		num normals        :  8
		num uvs            :  16
		num uvs2           :  0
		num colors         :  0
		num indices        :  36
	processing begun of mesh:  object_3
		registered as also a user of material:  Default
		num positions      :  8
		num normals        :  8
		num uvs            :  16
		num uvs2           :  0
		num colors         :  0
		num indices        :  36
	processing begun of mesh:  object_149
		registered as also a user of material:  Default
		num positions      :  8
		num normals        :  8
		num uvs            :  16
		num uvs2           :  0
		num colors         :  0
		num indices        :  36
	processing begun of mesh:  object_55
		registered as also a user of material:  Default
		num positions      :  8
		num normals        :  8
		num uvs            :  16
		num uvs2           :  0
		num colors         :  0
		num indices        :  36
	processing begun of mesh:  object_46
		registered as also a user of material:  Default
		num positions      :  8
		num normals        :  8
		num uvs            :  16
		num uvs2           :  0
		num colors         :  0
		num indices        :  36
	processing begun of mesh:  object_4
		registered as also a user of material:  Default
		num positions      :  8
		num normals        :  8
		num uvs            :  16
		num uvs2           :  0
		num colors         :  0
		num indices        :  36
	processing begun of mesh:  object_13
		registered as also a user of material:  Default
		num positions      :  8
		num normals        :  8
		num uvs            :  16
		num uvs2           :  0
		num colors         :  0
		num indices        :  36
	processing begun of mesh:  object_94
		registered as also a user of material:  Default
		num positions      :  8
		num normals        :  8
		num uvs            :  16
		num uvs2           :  0
		num colors         :  0
		num indices        :  36
	processing begun of mesh:  object_210
		registered as also a user of material:  Default
		num positions      :  23
		num normals        :  23
		num uvs            :  46
		num uvs2           :  0
		num colors         :  0
		num indices        :  36
	processing begun of mesh:  object_173
		registered as also a user of material:  Default
		num positions      :  8
		num normals        :  8
		num uvs            :  16
		num uvs2           :  0
		num colors         :  0
		num indices        :  36
	processing begun of mesh:  object_81
		registered as also a user of material:  Default
		num positions      :  8
		num normals        :  8
		num uvs            :  16
		num uvs2           :  0
		num colors         :  0
		num indices        :  36
	processing begun of mesh:  object_127
		registered as also a user of material:  Default
		num positions      :  8
		num normals        :  8
		num uvs            :  16
		num uvs2           :  0
		num colors         :  0
		num indices        :  36
	processing begun of mesh:  object_203
		registered as also a user of material:  Default
		num positions      :  23
		num normals        :  23
		num uvs            :  46
		num uvs2           :  0
		num colors         :  0
		num indices        :  36
	processing begun of mesh:  object_241
		registered as also a user of material:  Default
		num positions      :  110
		num normals        :  110
		num uvs            :  220
		num uvs2           :  0
		num colors         :  0
		num indices        :  150
	processing begun of mesh:  object_158
		registered as also a user of material:  Default
		num positions      :  8
		num normals        :  8
		num uvs            :  16
		num uvs2           :  0
		num colors         :  0
		num indices        :  36
	processing begun of mesh:  object_112
		registered as also a user of material:  Default
		num positions      :  8
		num normals        :  8
		num uvs            :  16
		num uvs2           :  0
		num colors         :  0
		num indices        :  36
	processing begun of mesh:  object_140
		registered as also a user of material:  Default
		num positions      :  8
		num normals        :  8
		num uvs            :  16
		num uvs2           :  0
		num colors         :  0
		num indices        :  36
	processing begun of mesh:  object_80
		registered as also a user of material:  Default
		num positions      :  8
		num normals        :  8
		num uvs            :  16
		num uvs2           :  0
		num colors         :  0
		num indices        :  36
	processing begun of mesh:  object_262
		registered as also a user of material:  Default
		num positions      :  110
		num normals        :  110
		num uvs            :  220
		num uvs2           :  0
		num colors         :  0
		num indices        :  150
	processing begun of mesh:  object_184
		registered as also a user of material:  Default
		num positions      :  107
		num normals        :  107
		num uvs            :  214
		num uvs2           :  0
		num colors         :  0
		num indices        :  150
	processing begun of mesh:  object_136
		registered as also a user of material:  Default
		num positions      :  8
		num normals        :  8
		num uvs            :  16
		num uvs2           :  0
		num colors         :  0
		num indices        :  36
	processing begun of mesh:  object_145
		registered as also a user of material:  Default
		num positions      :  8
		num normals        :  8
		num uvs            :  16
		num uvs2           :  0
		num colors         :  0
		num indices        :  36
	processing begun of mesh:  object_264
		registered as also a user of material:  Default
		num positions      :  110
		num normals        :  110
		num uvs            :  220
		num uvs2           :  0
		num colors         :  0
		num indices        :  150
	processing begun of mesh:  object_202
		registered as also a user of material:  Default
		num positions      :  23
		num normals        :  23
		num uvs            :  46
		num uvs2           :  0
		num colors         :  0
		num indices        :  36
	processing begun of mesh:  object_175
		registered as also a user of material:  Default
		num positions      :  8
		num normals        :  8
		num uvs            :  16
		num uvs2           :  0
		num colors         :  0
		num indices        :  36
	processing begun of mesh:  object_147
		registered as also a user of material:  Default
		num positions      :  8
		num normals        :  8
		num uvs            :  16
		num uvs2           :  0
		num colors         :  0
		num indices        :  36
	processing begun of mesh:  object_285
		registered as also a user of material:  Default
		num positions      :  107
		num normals        :  107
		num uvs            :  214
		num uvs2           :  0
		num colors         :  0
		num indices        :  150
	processing begun of mesh:  object_226
		registered as also a user of material:  Default
		num positions      :  70
		num normals        :  70
		num uvs            :  140
		num uvs2           :  0
		num colors         :  0
		num indices        :  96
	processing begun of mesh:  object_116
		registered as also a user of material:  Default
		num positions      :  8
		num normals        :  8
		num uvs            :  16
		num uvs2           :  0
		num colors         :  0
		num indices        :  36
	processing begun of mesh:  object_131
		registered as also a user of material:  Default
		num positions      :  8
		num normals        :  8
		num uvs            :  16
		num uvs2           :  0
		num colors         :  0
		num indices        :  36
	processing begun of mesh:  object_253
		registered as also a user of material:  Default
		num positions      :  110
		num normals        :  110
		num uvs            :  220
		num uvs2           :  0
		num colors         :  0
		num indices        :  150
	processing begun of mesh:  object_61
		registered as also a user of material:  Default
		num positions      :  8
		num normals        :  8
		num uvs            :  16
		num uvs2           :  0
		num colors         :  0
		num indices        :  36
	processing begun of mesh:  object_30
		registered as also a user of material:  Default
		num positions      :  8
		num normals        :  8
		num uvs            :  16
		num uvs2           :  0
		num colors         :  0
		num indices        :  36
	processing begun of mesh:  object_225
		registered as also a user of material:  Default
		num positions      :  23
		num normals        :  23
		num uvs            :  46
		num uvs2           :  0
		num colors         :  0
		num indices        :  36
	processing begun of mesh:  object_274
		registered as also a user of material:  Default
		num positions      :  107
		num normals        :  107
		num uvs            :  214
		num uvs2           :  0
		num colors         :  0
		num indices        :  150
	processing begun of mesh:  object_218
		registered as also a user of material:  Default
		num positions      :  23
		num normals        :  23
		num uvs            :  46
		num uvs2           :  0
		num colors         :  0
		num indices        :  36
	processing begun of mesh:  object_84
		registered as also a user of material:  Default
		num positions      :  8
		num normals        :  8
		num uvs            :  16
		num uvs2           :  0
		num colors         :  0
		num indices        :  36
	processing begun of mesh:  object_49
		registered as also a user of material:  Default
		num positions      :  8
		num normals        :  8
		num uvs            :  16
		num uvs2           :  0
		num colors         :  0
		num indices        :  36
	processing begun of mesh:  object_53
		registered as also a user of material:  Default
		num positions      :  8
		num normals        :  8
		num uvs            :  16
		num uvs2           :  0
		num colors         :  0
		num indices        :  36
	processing begun of mesh:  object_223
		registered as also a user of material:  Default
		num positions      :  23
		num normals        :  23
		num uvs            :  46
		num uvs2           :  0
		num colors         :  0
		num indices        :  36
	processing begun of mesh:  object_138
		registered as also a user of material:  Default
		num positions      :  8
		num normals        :  8
		num uvs            :  16
		num uvs2           :  0
		num colors         :  0
		num indices        :  36
	processing begun of mesh:  object_206
		registered as also a user of material:  Default
		num positions      :  23
		num normals        :  23
		num uvs            :  46
		num uvs2           :  0
		num colors         :  0
		num indices        :  36
	processing begun of mesh:  object_133
		registered as also a user of material:  Default
		num positions      :  8
		num normals        :  8
		num uvs            :  16
		num uvs2           :  0
		num colors         :  0
		num indices        :  36
	processing begun of mesh:  object_9
		registered as also a user of material:  Default
		num positions      :  8
		num normals        :  8
		num uvs            :  16
		num uvs2           :  0
		num colors         :  0
		num indices        :  36
	processing begun of mesh:  object_34
		registered as also a user of material:  Default
		num positions      :  8
		num normals        :  8
		num uvs            :  16
		num uvs2           :  0
		num colors         :  0
		num indices        :  36
	processing begun of mesh:  object_28
		registered as also a user of material:  Default
		num positions      :  8
		num normals        :  8
		num uvs            :  16
		num uvs2           :  0
		num colors         :  0
		num indices        :  36
	processing begun of mesh:  object_20
		registered as also a user of material:  Default
		num positions      :  8
		num normals        :  8
		num uvs            :  16
		num uvs2           :  0
		num colors         :  0
		num indices        :  36
	processing begun of mesh:  object_217
		registered as also a user of material:  Default
		num positions      :  23
		num normals        :  23
		num uvs            :  46
		num uvs2           :  0
		num colors         :  0
		num indices        :  36
	processing begun of mesh:  object_229
		registered as also a user of material:  Default
		num positions      :  21
		num normals        :  21
		num uvs            :  42
		num uvs2           :  0
		num colors         :  0
		num indices        :  36
	processing begun of mesh:  object_50
		registered as also a user of material:  Default
		num positions      :  8
		num normals        :  8
		num uvs            :  16
		num uvs2           :  0
		num colors         :  0
		num indices        :  36
	processing begun of mesh:  object_121
		registered as also a user of material:  Default
		num positions      :  8
		num normals        :  8
		num uvs            :  16
		num uvs2           :  0
		num colors         :  0
		num indices        :  36
	processing begun of mesh:  object_89
		registered as also a user of material:  Default
		num positions      :  8
		num normals        :  8
		num uvs            :  16
		num uvs2           :  0
		num colors         :  0
		num indices        :  36
	processing begun of mesh:  object_35
		registered as also a user of material:  Default
		num positions      :  8
		num normals        :  8
		num uvs            :  16
		num uvs2           :  0
		num colors         :  0
		num indices        :  36
	processing begun of mesh:  object_48
		registered as also a user of material:  Default
		num positions      :  8
		num normals        :  8
		num uvs            :  16
		num uvs2           :  0
		num colors         :  0
		num indices        :  36
	processing begun of mesh:  object_245
		registered as also a user of material:  Default
		num positions      :  110
		num normals        :  110
		num uvs            :  220
		num uvs2           :  0
		num colors         :  0
		num indices        :  150
	processing begun of mesh:  object_159
		registered as also a user of material:  Default
		num positions      :  8
		num normals        :  8
		num uvs            :  16
		num uvs2           :  0
		num colors         :  0
		num indices        :  36
	processing begun of mesh:  object_19
		registered as also a user of material:  Default
		num positions      :  8
		num normals        :  8
		num uvs            :  16
		num uvs2           :  0
		num colors         :  0
		num indices        :  36
	processing begun of mesh:  object_65
		registered as also a user of material:  Default
		num positions      :  8
		num normals        :  8
		num uvs            :  16
		num uvs2           :  0
		num colors         :  0
		num indices        :  36
	processing begun of mesh:  object_181
		registered as also a user of material:  Default
		num positions      :  8
		num normals        :  8
		num uvs            :  16
		num uvs2           :  0
		num colors         :  0
		num indices        :  36
	processing begun of mesh:  object_182
		registered as also a user of material:  Default
		num positions      :  107
		num normals        :  107
		num uvs            :  214
		num uvs2           :  0
		num colors         :  0
		num indices        :  150
	processing begun of mesh:  object_207
		registered as also a user of material:  Default
		num positions      :  23
		num normals        :  23
		num uvs            :  46
		num uvs2           :  0
		num colors         :  0
		num indices        :  36
	processing begun of mesh:  object_117
		registered as also a user of material:  Default
		num positions      :  8
		num normals        :  8
		num uvs            :  16
		num uvs2           :  0
		num colors         :  0
		num indices        :  36
	processing begun of mesh:  object_41
		registered as also a user of material:  Default
		num positions      :  8
		num normals        :  8
		num uvs            :  16
		num uvs2           :  0
		num colors         :  0
		num indices        :  36
	processing begun of mesh:  object_152
		registered as also a user of material:  Default
		num positions      :  8
		num normals        :  8
		num uvs            :  16
		num uvs2           :  0
		num colors         :  0
		num indices        :  36
	processing begun of mesh:  object_294
		registered as also a user of material:  Default
		num positions      :  107
		num normals        :  107
		num uvs            :  214
		num uvs2           :  0
		num colors         :  0
		num indices        :  150
	processing begun of mesh:  object_239
		registered as also a user of material:  Default
		num positions      :  110
		num normals        :  110
		num uvs            :  220
		num uvs2           :  0
		num colors         :  0
		num indices        :  150
	processing begun of mesh:  object_297
		registered as also a user of material:  Default
		num positions      :  65
		num normals        :  65
		num uvs            :  130
		num uvs2           :  0
		num colors         :  0
		num indices        :  162
	processing begun of mesh:  object_23
		registered as also a user of material:  Default
		num positions      :  8
		num normals        :  8
		num uvs            :  16
		num uvs2           :  0
		num colors         :  0
		num indices        :  36
	processing begun of mesh:  object_214
		registered as also a user of material:  Default
		num positions      :  23
		num normals        :  23
		num uvs            :  46
		num uvs2           :  0
		num colors         :  0
		num indices        :  36
	processing begun of mesh:  object_38
		registered as also a user of material:  Default
		num positions      :  8
		num normals        :  8
		num uvs            :  16
		num uvs2           :  0
		num colors         :  0
		num indices        :  36
	processing begun of mesh:  object_6
		registered as also a user of material:  Default
		num positions      :  8
		num normals        :  8
		num uvs            :  16
		num uvs2           :  0
		num colors         :  0
		num indices        :  36
	processing begun of mesh:  object_212
		registered as also a user of material:  Default
		num positions      :  23
		num normals        :  23
		num uvs            :  46
		num uvs2           :  0
		num colors         :  0
		num indices        :  36
	processing begun of mesh:  object_124
		registered as also a user of material:  Default
		num positions      :  8
		num normals        :  8
		num uvs            :  16
		num uvs2           :  0
		num colors         :  0
		num indices        :  36
	processing begun of mesh:  object_194
		registered as also a user of material:  Default
		num positions      :  23
		num normals        :  23
		num uvs            :  46
		num uvs2           :  0
		num colors         :  0
		num indices        :  36
	processing begun of mesh:  object_90
		registered as also a user of material:  Default
		num positions      :  8
		num normals        :  8
		num uvs            :  16
		num uvs2           :  0
		num colors         :  0
		num indices        :  36
	processing begun of mesh:  object_172
		registered as also a user of material:  Default
		num positions      :  8
		num normals        :  8
		num uvs            :  16
		num uvs2           :  0
		num colors         :  0
		num indices        :  36
	processing begun of mesh:  object_96
		registered as also a user of material:  Default
		num positions      :  8
		num normals        :  8
		num uvs            :  16
		num uvs2           :  0
		num colors         :  0
		num indices        :  36
	processing begun of mesh:  object_257
		registered as also a user of material:  Default
		num positions      :  110
		num normals        :  110
		num uvs            :  220
		num uvs2           :  0
		num colors         :  0
		num indices        :  150
	processing begun of mesh:  object_107
		registered as also a user of material:  Default
		num positions      :  8
		num normals        :  8
		num uvs            :  16
		num uvs2           :  0
		num colors         :  0
		num indices        :  36
	processing begun of mesh:  object_195
		registered as also a user of material:  Default
		num positions      :  23
		num normals        :  23
		num uvs            :  46
		num uvs2           :  0
		num colors         :  0
		num indices        :  36
	processing begun of mesh:  object_213
		registered as also a user of material:  Default
		num positions      :  23
		num normals        :  23
		num uvs            :  46
		num uvs2           :  0
		num colors         :  0
		num indices        :  36
	processing begun of mesh:  object_12
		registered as also a user of material:  Default
		num positions      :  8
		num normals        :  8
		num uvs            :  16
		num uvs2           :  0
		num colors         :  0
		num indices        :  36
	processing begun of mesh:  object_205
		registered as also a user of material:  Default
		num positions      :  23
		num normals        :  23
		num uvs            :  46
		num uvs2           :  0
		num colors         :  0
		num indices        :  36
	processing begun of mesh:  object_78
		registered as also a user of material:  Default
		num positions      :  8
		num normals        :  8
		num uvs            :  16
		num uvs2           :  0
		num colors         :  0
		num indices        :  36
	processing begun of mesh:  object_230
		processing begun of Standard material:  Material_001
		num positions      :  8607
		num normals        :  8607
		num uvs            :  17214
		num uvs2           :  0
		num colors         :  0
		num indices        :  54762
	processing begun of mesh:  object_67
		registered as also a user of material:  Default
		num positions      :  8
		num normals        :  8
		num uvs            :  16
		num uvs2           :  0
		num colors         :  0
		num indices        :  36
	processing begun of mesh:  object_25
		registered as also a user of material:  Default
		num positions      :  8
		num normals        :  8
		num uvs            :  16
		num uvs2           :  0
		num colors         :  0
		num indices        :  36
	processing begun of mesh:  object_287
		registered as also a user of material:  Default
		num positions      :  107
		num normals        :  107
		num uvs            :  214
		num uvs2           :  0
		num colors         :  0
		num indices        :  150
	processing begun of mesh:  object_58
		registered as also a user of material:  Default
		num positions      :  8
		num normals        :  8
		num uvs            :  16
		num uvs2           :  0
		num colors         :  0
		num indices        :  36
	processing begun of mesh:  object_125
		registered as also a user of material:  Default
		num positions      :  8
		num normals        :  8
		num uvs            :  16
		num uvs2           :  0
		num colors         :  0
		num indices        :  36
	processing begun of mesh:  object_275
		registered as also a user of material:  Default
		num positions      :  108
		num normals        :  108
		num uvs            :  216
		num uvs2           :  0
		num colors         :  0
		num indices        :  150
	processing begun of mesh:  object_266
		registered as also a user of material:  Default
		num positions      :  107
		num normals        :  107
		num uvs            :  214
		num uvs2           :  0
		num colors         :  0
		num indices        :  150
	processing begun of mesh:  object_199
		registered as also a user of material:  Default
		num positions      :  23
		num normals        :  23
		num uvs            :  46
		num uvs2           :  0
		num colors         :  0
		num indices        :  36
	processing begun of mesh:  object_141
		registered as also a user of material:  Default
		num positions      :  8
		num normals        :  8
		num uvs            :  16
		num uvs2           :  0
		num colors         :  0
		num indices        :  36
	processing begun of mesh:  object_70
		registered as also a user of material:  Default
		num positions      :  8
		num normals        :  8
		num uvs            :  16
		num uvs2           :  0
		num colors         :  0
		num indices        :  36
	processing begun of mesh:  object_164
		registered as also a user of material:  Default
		num positions      :  8
		num normals        :  8
		num uvs            :  16
		num uvs2           :  0
		num colors         :  0
		num indices        :  36
	processing begun of mesh:  object_288
		registered as also a user of material:  Default
		num positions      :  107
		num normals        :  107
		num uvs            :  214
		num uvs2           :  0
		num colors         :  0
		num indices        :  150
	processing begun of mesh:  object_27
		registered as also a user of material:  Default
		num positions      :  8
		num normals        :  8
		num uvs            :  16
		num uvs2           :  0
		num colors         :  0
		num indices        :  36
	processing begun of mesh:  object_64
		registered as also a user of material:  Default
		num positions      :  8
		num normals        :  8
		num uvs            :  16
		num uvs2           :  0
		num colors         :  0
		num indices        :  36
	processing begun of mesh:  object_220
		registered as also a user of material:  Default
		num positions      :  23
		num normals        :  23
		num uvs            :  46
		num uvs2           :  0
		num colors         :  0
		num indices        :  36
	processing begun of mesh:  object_156
		registered as also a user of material:  Default
		num positions      :  8
		num normals        :  8
		num uvs            :  16
		num uvs2           :  0
		num colors         :  0
		num indices        :  36
	processing begun of mesh:  object_17
		registered as also a user of material:  Default
		num positions      :  8
		num normals        :  8
		num uvs            :  16
		num uvs2           :  0
		num colors         :  0
		num indices        :  36
	processing begun of mesh:  object_33
		registered as also a user of material:  Default
		num positions      :  8
		num normals        :  8
		num uvs            :  16
		num uvs2           :  0
		num colors         :  0
		num indices        :  36
	processing begun of mesh:  object_260
		registered as also a user of material:  Default
		num positions      :  110
		num normals        :  110
		num uvs            :  220
		num uvs2           :  0
		num colors         :  0
		num indices        :  150
	processing begun of mesh:  object_273
		registered as also a user of material:  Default
		num positions      :  107
		num normals        :  107
		num uvs            :  214
		num uvs2           :  0
		num colors         :  0
		num indices        :  150
	processing begun of mesh:  object_265
		registered as also a user of material:  Default
		num positions      :  107
		num normals        :  107
		num uvs            :  214
		num uvs2           :  0
		num colors         :  0
		num indices        :  150
	processing begun of mesh:  object_270
		registered as also a user of material:  Default
		num positions      :  107
		num normals        :  107
		num uvs            :  214
		num uvs2           :  0
		num colors         :  0
		num indices        :  150
	processing begun of mesh:  object_100
		registered as also a user of material:  Default
		num positions      :  8
		num normals        :  8
		num uvs            :  16
		num uvs2           :  0
		num colors         :  0
		num indices        :  36
	processing begun of mesh:  object_36
		registered as also a user of material:  Default
		num positions      :  8
		num normals        :  8
		num uvs            :  16
		num uvs2           :  0
		num colors         :  0
		num indices        :  36
	processing begun of mesh:  object_191
		registered as also a user of material:  Default
		num positions      :  23
		num normals        :  23
		num uvs            :  46
		num uvs2           :  0
		num colors         :  0
		num indices        :  36
	processing begun of mesh:  object_292
		registered as also a user of material:  Default
		num positions      :  107
		num normals        :  107
		num uvs            :  214
		num uvs2           :  0
		num colors         :  0
		num indices        :  150
	processing begun of mesh:  object_185
		registered as also a user of material:  Default
		num positions      :  107
		num normals        :  107
		num uvs            :  214
		num uvs2           :  0
		num colors         :  0
		num indices        :  150
	processing begun of mesh:  object_2
		registered as also a user of material:  Default
		num positions      :  8
		num normals        :  8
		num uvs            :  16
		num uvs2           :  0
		num colors         :  0
		num indices        :  36
	processing begun of mesh:  object_201
		registered as also a user of material:  Default
		num positions      :  23
		num normals        :  23
		num uvs            :  46
		num uvs2           :  0
		num colors         :  0
		num indices        :  36
	processing begun of mesh:  object_5
		registered as also a user of material:  Default
		num positions      :  8
		num normals        :  8
		num uvs            :  16
		num uvs2           :  0
		num colors         :  0
		num indices        :  36
	processing begun of mesh:  object_183
		registered as also a user of material:  Default
		num positions      :  107
		num normals        :  107
		num uvs            :  214
		num uvs2           :  0
		num colors         :  0
		num indices        :  150
	processing begun of mesh:  object_103
		registered as also a user of material:  Default
		num positions      :  8
		num normals        :  8
		num uvs            :  16
		num uvs2           :  0
		num colors         :  0
		num indices        :  36
	processing begun of mesh:  object_83
		registered as also a user of material:  Default
		num positions      :  8
		num normals        :  8
		num uvs            :  16
		num uvs2           :  0
		num colors         :  0
		num indices        :  36
	processing begun of mesh:  object_57
		registered as also a user of material:  Default
		num positions      :  8
		num normals        :  8
		num uvs            :  16
		num uvs2           :  0
		num colors         :  0
		num indices        :  36
	processing begun of mesh:  object_15
		registered as also a user of material:  Default
		num positions      :  8
		num normals        :  8
		num uvs            :  16
		num uvs2           :  0
		num colors         :  0
		num indices        :  36
	processing begun of mesh:  object_122
		registered as also a user of material:  Default
		num positions      :  8
		num normals        :  8
		num uvs            :  16
		num uvs2           :  0
		num colors         :  0
		num indices        :  36
	processing begun of mesh:  object_236
		registered as also a user of material:  Default
		num positions      :  110
		num normals        :  110
		num uvs            :  220
		num uvs2           :  0
		num colors         :  0
		num indices        :  150
	processing begun of mesh:  object_268
		registered as also a user of material:  Default
		num positions      :  107
		num normals        :  107
		num uvs            :  214
		num uvs2           :  0
		num colors         :  0
		num indices        :  150
	processing begun of mesh:  object_249
		registered as also a user of material:  Default
		num positions      :  110
		num normals        :  110
		num uvs            :  220
		num uvs2           :  0
		num colors         :  0
		num indices        :  150
	processing begun of mesh:  object_56
		registered as also a user of material:  Default
		num positions      :  8
		num normals        :  8
		num uvs            :  16
		num uvs2           :  0
		num colors         :  0
		num indices        :  36
	processing begun of mesh:  object_109
		registered as also a user of material:  Default
		num positions      :  8
		num normals        :  8
		num uvs            :  16
		num uvs2           :  0
		num colors         :  0
		num indices        :  36
	processing begun of mesh:  object_169
		registered as also a user of material:  Default
		num positions      :  8
		num normals        :  8
		num uvs            :  16
		num uvs2           :  0
		num colors         :  0
		num indices        :  36
	processing begun of mesh:  object_98
		registered as also a user of material:  Default
		num positions      :  8
		num normals        :  8
		num uvs            :  16
		num uvs2           :  0
		num colors         :  0
		num indices        :  36
	processing begun of mesh:  object_77
		registered as also a user of material:  Default
		num positions      :  8
		num normals        :  8
		num uvs            :  16
		num uvs2           :  0
		num colors         :  0
		num indices        :  36
	processing begun of mesh:  object_291
		registered as also a user of material:  Default
		num positions      :  107
		num normals        :  107
		num uvs            :  214
		num uvs2           :  0
		num colors         :  0
		num indices        :  150
	processing begun of mesh:  object_179
		registered as also a user of material:  Default
		num positions      :  8
		num normals        :  8
		num uvs            :  16
		num uvs2           :  0
		num colors         :  0
		num indices        :  36
	processing begun of mesh:  object_143
		registered as also a user of material:  Default
		num positions      :  8
		num normals        :  8
		num uvs            :  16
		num uvs2           :  0
		num colors         :  0
		num indices        :  36
	processing begun of mesh:  object_161
		registered as also a user of material:  Default
		num positions      :  8
		num normals        :  8
		num uvs            :  16
		num uvs2           :  0
		num colors         :  0
		num indices        :  36
	processing begun of mesh:  object_234
		registered as also a user of material:  Default
		num positions      :  110
		num normals        :  110
		num uvs            :  220
		num uvs2           :  0
		num colors         :  0
		num indices        :  150
	processing begun of mesh:  object_258
		registered as also a user of material:  Default
		num positions      :  110
		num normals        :  110
		num uvs            :  220
		num uvs2           :  0
		num colors         :  0
		num indices        :  150
	processing begun of mesh:  object_142
		registered as also a user of material:  Default
		num positions      :  8
		num normals        :  8
		num uvs            :  16
		num uvs2           :  0
		num colors         :  0
		num indices        :  36
	processing begun of mesh:  object_171
		registered as also a user of material:  Default
		num positions      :  8
		num normals        :  8
		num uvs            :  16
		num uvs2           :  0
		num colors         :  0
		num indices        :  36
	processing begun of mesh:  object_296
		registered as also a user of material:  Default
		num positions      :  398
		num normals        :  398
		num uvs            :  796
		num uvs2           :  0
		num colors         :  0
		num indices        :  588
	processing begun of mesh:  object_118
		registered as also a user of material:  Default
		num positions      :  8
		num normals        :  8
		num uvs            :  16
		num uvs2           :  0
		num colors         :  0
		num indices        :  36
	processing begun of mesh:  object_37
		registered as also a user of material:  Default
		num positions      :  8
		num normals        :  8
		num uvs            :  16
		num uvs2           :  0
		num colors         :  0
		num indices        :  36
	processing begun of mesh:  object_130
		registered as also a user of material:  Default
		num positions      :  8
		num normals        :  8
		num uvs            :  16
		num uvs2           :  0
		num colors         :  0
		num indices        :  36
	processing begun of mesh:  object_216
		registered as also a user of material:  Default
		num positions      :  23
		num normals        :  23
		num uvs            :  46
		num uvs2           :  0
		num colors         :  0
		num indices        :  36
	processing begun of mesh:  object_52
		registered as also a user of material:  Default
		num positions      :  8
		num normals        :  8
		num uvs            :  16
		num uvs2           :  0
		num colors         :  0
		num indices        :  36
	processing begun of mesh:  object_93
		registered as also a user of material:  Default
		num positions      :  8
		num normals        :  8
		num uvs            :  16
		num uvs2           :  0
		num colors         :  0
		num indices        :  36
	processing begun of mesh:  object_227
		registered as also a user of material:  Default
		num positions      :  70
		num normals        :  70
		num uvs            :  140
		num uvs2           :  0
		num colors         :  0
		num indices        :  96
	processing begun of mesh:  object_283
		registered as also a user of material:  Default
		num positions      :  108
		num normals        :  108
		num uvs            :  216
		num uvs2           :  0
		num colors         :  0
		num indices        :  150
	processing begun of mesh:  object_247
		registered as also a user of material:  Default
		num positions      :  106
		num normals        :  106
		num uvs            :  212
		num uvs2           :  0
		num colors         :  0
		num indices        :  150
	processing begun of mesh:  object_146
		registered as also a user of material:  Default
		num positions      :  8
		num normals        :  8
		num uvs            :  16
		num uvs2           :  0
		num colors         :  0
		num indices        :  36
	processing begun of mesh:  object_177
		registered as also a user of material:  Default
		num positions      :  8
		num normals        :  8
		num uvs            :  16
		num uvs2           :  0
		num colors         :  0
		num indices        :  36
	processing begun of mesh:  object_208
		registered as also a user of material:  Default
		num positions      :  23
		num normals        :  23
		num uvs            :  46
		num uvs2           :  0
		num colors         :  0
		num indices        :  36
	processing begun of mesh:  object_196
		registered as also a user of material:  Default
		num positions      :  23
		num normals        :  23
		num uvs            :  46
		num uvs2           :  0
		num colors         :  0
		num indices        :  36
	processing begun of mesh:  object_99
		registered as also a user of material:  Default
		num positions      :  8
		num normals        :  8
		num uvs            :  16
		num uvs2           :  0
		num colors         :  0
		num indices        :  36
	processing begun of mesh:  object_54
		registered as also a user of material:  Default
		num positions      :  8
		num normals        :  8
		num uvs            :  16
		num uvs2           :  0
		num colors         :  0
		num indices        :  36
	processing begun of mesh:  object_193
		registered as also a user of material:  Default
		num positions      :  23
		num normals        :  23
		num uvs            :  46
		num uvs2           :  0
		num colors         :  0
		num indices        :  36
	processing begun of mesh:  object_267
		registered as also a user of material:  Default
		num positions      :  107
		num normals        :  107
		num uvs            :  214
		num uvs2           :  0
		num colors         :  0
		num indices        :  150
	processing begun of mesh:  object_286
		registered as also a user of material:  Default
		num positions      :  107
		num normals        :  107
		num uvs            :  214
		num uvs2           :  0
		num colors         :  0
		num indices        :  150
	processing begun of mesh:  object_224
		registered as also a user of material:  Default
		num positions      :  23
		num normals        :  23
		num uvs            :  46
		num uvs2           :  0
		num colors         :  0
		num indices        :  36
	processing begun of light (POINT):  Lamp
========= Writing of scene file started =========
========= Writing of scene file completed =========
========= end of processing =========
elapsed time:  0 min, 4.7161 secs
