Exporter version: 5.4.2, Blender version: 2.78 (sub 0)
========= Conversion from Blender to Babylon.js =========
	Scene settings used:
		selected layers only:  false
		flat shading entire scene:  false
		inline textures:  false
		texture directory:  G:\Projects!\3D Gallery\assets\
	Python World class constructor completed
	processing begun of mesh:  Cube
		WARNING: No materials have been assigned: 
		num positions      :  27
		num normals        :  27
		num uvs            :  54
		num uvs2           :  0
		num colors         :  0
		num indices        :  36
	processing begun of mesh:  Ground
		processing begun of Standard material:  Floor Carpet
			Diffuse texture found "Carpet_Charcoal"
				Image texture found, type:  diffuseTexture, mapped using: "UVMap"
		num positions      :  8
		num normals        :  8
		num uvs            :  16
		num uvs2           :  0
		num colors         :  0
		num indices        :  36
	processing begun of node:  Gallery
	processing begun of mesh:  Roof
		WARNING: No materials have been assigned: 
		num positions      :  96
		num normals        :  96
		num uvs            :  0
		num uvs2           :  0
		num colors         :  0
		num indices        :  576
	processing begun of mesh:  RoofGlass
		processing begun of Standard material:  Glass Safety
			WARNING: Mesh has no UV maps, material:  "Glass_Safety" ignored
		num positions      :  50
		num normals        :  50
		num uvs            :  0
		num uvs2           :  0
		num colors         :  0
		num indices        :  192
	processing begun of mesh:  TestWall
		WARNING: No materials have been assigned: 
		num positions      :  23
		num normals        :  23
		num uvs            :  46
		num uvs2           :  0
		num colors         :  0
		num indices        :  36
	processing begun of mesh:  StructureGround
		WARNING: No materials have been assigned: 
		num positions      :  8
		num normals        :  8
		num uvs            :  0
		num uvs2           :  0
		num colors         :  0
		num indices        :  36
	processing begun of mesh:  SketchUp.359
		WARNING: No materials have been assigned: 
		num positions      :  42
		num normals        :  42
		num uvs            :  84
		num uvs2           :  0
		num colors         :  0
		num indices        :  78
	processing begun of mesh:  SketchUp.358
		WARNING: No materials have been assigned: 
		num positions      :  14
		num normals        :  14
		num uvs            :  0
		num uvs2           :  0
		num colors         :  0
		num indices        :  18
	processing begun of mesh:  SketchUp.357
		WARNING: No materials have been assigned: 
		num positions      :  10
		num normals        :  10
		num uvs            :  0
		num uvs2           :  0
		num colors         :  0
		num indices        :  18
	processing begun of mesh:  SketchUp.356
		WARNING: No materials have been assigned: 
		num positions      :  8
		num normals        :  8
		num uvs            :  0
		num uvs2           :  0
		num colors         :  0
		num indices        :  12
	processing begun of mesh:  SketchUp.355
		WARNING: No materials have been assigned: 
		num positions      :  22
		num normals        :  22
		num uvs            :  0
		num uvs2           :  0
		num colors         :  0
		num indices        :  42
	processing begun of mesh:  SketchUp.354
		WARNING: No materials have been assigned: 
		num positions      :  62
		num normals        :  62
		num uvs            :  0
		num uvs2           :  0
		num colors         :  0
		num indices        :  114
	processing begun of mesh:  SafetyGlass
		WARNING: No materials have been assigned: 
		num positions      :  8
		num normals        :  8
		num uvs            :  16
		num uvs2           :  0
		num colors         :  0
		num indices        :  12
	processing begun of mesh:  SketchUp.352
		processing begun of Standard material:  Translucent_Glass_Blue
		num positions      :  8
		num normals        :  8
		num uvs            :  0
		num uvs2           :  0
		num colors         :  0
		num indices        :  12
	processing begun of mesh:  SketchUp.351
		WARNING: No materials have been assigned: 
		num positions      :  24
		num normals        :  24
		num uvs            :  0
		num uvs2           :  0
		num colors         :  0
		num indices        :  36
	processing begun of mesh:  SketchUp.350
		WARNING: No materials have been assigned: 
		num positions      :  22
		num normals        :  22
		num uvs            :  0
		num uvs2           :  0
		num colors         :  0
		num indices        :  54
	processing begun of mesh:  SketchUp.349
		WARNING: No materials have been assigned: 
		num positions      :  8
		num normals        :  8
		num uvs            :  0
		num uvs2           :  0
		num colors         :  0
		num indices        :  12
	processing begun of mesh:  SketchUp.348
		registered as also a user of material:  Translucent_Glass_Blue
		num positions      :  8
		num normals        :  8
		num uvs            :  0
		num uvs2           :  0
		num colors         :  0
		num indices        :  12
	processing begun of mesh:  SketchUp.347
		registered as also a user of material:  Translucent_Glass_Blue
		num positions      :  8
		num normals        :  8
		num uvs            :  0
		num uvs2           :  0
		num colors         :  0
		num indices        :  12
	processing begun of mesh:  SketchUp.346
		registered as also a user of material:  Translucent_Glass_Blue
		num positions      :  10
		num normals        :  10
		num uvs            :  0
		num uvs2           :  0
		num colors         :  0
		num indices        :  18
	processing begun of mesh:  SketchUp.345
		registered as also a user of material:  Translucent_Glass_Blue
		num positions      :  8
		num normals        :  8
		num uvs            :  0
		num uvs2           :  0
		num colors         :  0
		num indices        :  12
	processing begun of mesh:  SketchUp.344
		registered as also a user of material:  Translucent_Glass_Blue
		num positions      :  8
		num normals        :  8
		num uvs            :  0
		num uvs2           :  0
		num colors         :  0
		num indices        :  12
	processing begun of mesh:  SketchUp.343
		registered as also a user of material:  Translucent_Glass_Blue
		num positions      :  8
		num normals        :  8
		num uvs            :  0
		num uvs2           :  0
		num colors         :  0
		num indices        :  12
	processing begun of mesh:  SketchUp.342
		WARNING: No materials have been assigned: 
		num positions      :  58
		num normals        :  58
		num uvs            :  0
		num uvs2           :  0
		num colors         :  0
		num indices        :  114
	processing begun of mesh:  SketchUp.341
		WARNING: No materials have been assigned: 
		num positions      :  8
		num normals        :  8
		num uvs            :  0
		num uvs2           :  0
		num colors         :  0
		num indices        :  12
	processing begun of mesh:  SketchUp.339
		WARNING: No materials have been assigned: 
		num positions      :  62
		num normals        :  62
		num uvs            :  0
		num uvs2           :  0
		num colors         :  0
		num indices        :  162
	processing begun of mesh:  SketchUp.338
		WARNING: No materials have been assigned: 
		num positions      :  8
		num normals        :  8
		num uvs            :  0
		num uvs2           :  0
		num colors         :  0
		num indices        :  12
	processing begun of mesh:  SketchUp.337
		WARNING: No materials have been assigned: 
		num positions      :  8
		num normals        :  8
		num uvs            :  0
		num uvs2           :  0
		num colors         :  0
		num indices        :  12
	processing begun of mesh:  SketchUp.336
		WARNING: No materials have been assigned: 
		num positions      :  54
		num normals        :  54
		num uvs            :  0
		num uvs2           :  0
		num colors         :  0
		num indices        :  90
	processing begun of mesh:  SketchUp.335
		registered as also a user of material:  Translucent_Glass_Blue
		num positions      :  8
		num normals        :  8
		num uvs            :  0
		num uvs2           :  0
		num colors         :  0
		num indices        :  12
	processing begun of mesh:  SketchUp.334
		registered as also a user of material:  Translucent_Glass_Blue
		num positions      :  8
		num normals        :  8
		num uvs            :  0
		num uvs2           :  0
		num colors         :  0
		num indices        :  12
	processing begun of mesh:  SketchUp.333
		registered as also a user of material:  Translucent_Glass_Blue
		num positions      :  10
		num normals        :  10
		num uvs            :  0
		num uvs2           :  0
		num colors         :  0
		num indices        :  18
	processing begun of mesh:  SketchUp.332
		WARNING: No materials have been assigned: 
		num positions      :  28
		num normals        :  28
		num uvs            :  0
		num uvs2           :  0
		num colors         :  0
		num indices        :  48
	processing begun of mesh:  SketchUp.331
		registered as also a user of material:  Translucent_Glass_Blue
		num positions      :  44
		num normals        :  44
		num uvs            :  0
		num uvs2           :  0
		num colors         :  0
		num indices        :  72
	processing begun of mesh:  SketchUp.330
		WARNING: No materials have been assigned: 
		num positions      :  48
		num normals        :  48
		num uvs            :  0
		num uvs2           :  0
		num colors         :  0
		num indices        :  72
	processing begun of mesh:  SketchUp.329
		WARNING: No materials have been assigned: 
		num positions      :  20
		num normals        :  20
		num uvs            :  0
		num uvs2           :  0
		num colors         :  0
		num indices        :  24
	processing begun of mesh:  SketchUp.328
		WARNING: No materials have been assigned: 
		num positions      :  12
		num normals        :  12
		num uvs            :  0
		num uvs2           :  0
		num colors         :  0
		num indices        :  24
	processing begun of mesh:  SketchUp.326
		registered as also a user of material:  Translucent_Glass_Blue
		num positions      :  72
		num normals        :  72
		num uvs            :  0
		num uvs2           :  0
		num colors         :  0
		num indices        :  108
	processing begun of mesh:  SketchUp.325
		registered as also a user of material:  Translucent_Glass_Blue
		num positions      :  8
		num normals        :  8
		num uvs            :  0
		num uvs2           :  0
		num colors         :  0
		num indices        :  12
	processing begun of mesh:  SketchUp.324
		WARNING: No materials have been assigned: 
		num positions      :  32
		num normals        :  32
		num uvs            :  0
		num uvs2           :  0
		num colors         :  0
		num indices        :  60
	processing begun of mesh:  SketchUp.323
		WARNING: No materials have been assigned: 
		num positions      :  16
		num normals        :  16
		num uvs            :  0
		num uvs2           :  0
		num colors         :  0
		num indices        :  24
	processing begun of mesh:  SketchUp.322
		registered as also a user of material:  Translucent_Glass_Blue
		num positions      :  8
		num normals        :  8
		num uvs            :  0
		num uvs2           :  0
		num colors         :  0
		num indices        :  12
	processing begun of mesh:  SketchUp.321
		registered as also a user of material:  Translucent_Glass_Blue
		num positions      :  8
		num normals        :  8
		num uvs            :  0
		num uvs2           :  0
		num colors         :  0
		num indices        :  12
	processing begun of mesh:  SketchUp.320
		registered as also a user of material:  Translucent_Glass_Blue
		num positions      :  12
		num normals        :  12
		num uvs            :  0
		num uvs2           :  0
		num colors         :  0
		num indices        :  24
	processing begun of mesh:  SketchUp.319
		WARNING: No materials have been assigned: 
		num positions      :  6
		num normals        :  6
		num uvs            :  0
		num uvs2           :  0
		num colors         :  0
		num indices        :  6
	processing begun of mesh:  SketchUp.318
		WARNING: No materials have been assigned: 
		num positions      :  48
		num normals        :  48
		num uvs            :  0
		num uvs2           :  0
		num colors         :  0
		num indices        :  72
	processing begun of mesh:  SketchUp.317
		registered as also a user of material:  Translucent_Glass_Blue
		num positions      :  8
		num normals        :  8
		num uvs            :  0
		num uvs2           :  0
		num colors         :  0
		num indices        :  12
	processing begun of mesh:  SketchUp.316
		registered as also a user of material:  Translucent_Glass_Blue
		num positions      :  6
		num normals        :  6
		num uvs            :  0
		num uvs2           :  0
		num colors         :  0
		num indices        :  6
	processing begun of mesh:  SketchUp.315
		WARNING: No materials have been assigned: 
		num positions      :  26
		num normals        :  26
		num uvs            :  0
		num uvs2           :  0
		num colors         :  0
		num indices        :  42
	processing begun of mesh:  SketchUp.314
		WARNING: No materials have been assigned: 
		num positions      :  94
		num normals        :  94
		num uvs            :  0
		num uvs2           :  0
		num colors         :  0
		num indices        :  222
	processing begun of mesh:  SketchUp.313
		WARNING: No materials have been assigned: 
		num positions      :  74
		num normals        :  74
		num uvs            :  0
		num uvs2           :  0
		num colors         :  0
		num indices        :  132
	processing begun of mesh:  SketchUp.312
		WARNING: No materials have been assigned: 
		num positions      :  24
		num normals        :  24
		num uvs            :  0
		num uvs2           :  0
		num colors         :  0
		num indices        :  36
	processing begun of mesh:  SketchUp.311
		registered as also a user of material:  Translucent_Glass_Blue
		num positions      :  8
		num normals        :  8
		num uvs            :  0
		num uvs2           :  0
		num colors         :  0
		num indices        :  12
	processing begun of mesh:  SketchUp.310
		registered as also a user of material:  Translucent_Glass_Blue
		num positions      :  8
		num normals        :  8
		num uvs            :  0
		num uvs2           :  0
		num colors         :  0
		num indices        :  12
	processing begun of mesh:  SketchUp.309
		WARNING: No materials have been assigned: 
		num positions      :  106
		num normals        :  106
		num uvs            :  0
		num uvs2           :  0
		num colors         :  0
		num indices        :  180
	processing begun of mesh:  SketchUp.308
		WARNING: No materials have been assigned: 
		num positions      :  168
		num normals        :  168
		num uvs            :  0
		num uvs2           :  0
		num colors         :  0
		num indices        :  354
	processing begun of mesh:  SketchUp.307
		processing begun of Standard material:  Wall
			WARNING: Mesh has no UV maps, material:  "Texture" ignored
		num positions      :  74
		num normals        :  74
		num uvs            :  0
		num uvs2           :  0
		num colors         :  0
		num indices        :  162
	processing begun of mesh:  SketchUp.306
		WARNING: No materials have been assigned: 
		num positions      :  80
		num normals        :  80
		num uvs            :  0
		num uvs2           :  0
		num colors         :  0
		num indices        :  180
	processing begun of mesh:  SketchUp.305
		registered as also a user of material:  Translucent_Glass_Blue
		num positions      :  10
		num normals        :  10
		num uvs            :  0
		num uvs2           :  0
		num colors         :  0
		num indices        :  18
	processing begun of mesh:  SketchUp.304
		WARNING: No materials have been assigned: 
		num positions      :  12
		num normals        :  12
		num uvs            :  0
		num uvs2           :  0
		num colors         :  0
		num indices        :  24
	processing begun of mesh:  SketchUp.303
		registered as also a user of material:  Translucent_Glass_Blue
		num positions      :  14
		num normals        :  14
		num uvs            :  0
		num uvs2           :  0
		num colors         :  0
		num indices        :  30
	processing begun of mesh:  SketchUp.302
		registered as also a user of material:  Translucent_Glass_Blue
		num positions      :  8
		num normals        :  8
		num uvs            :  0
		num uvs2           :  0
		num colors         :  0
		num indices        :  12
	processing begun of mesh:  SketchUp.301
		registered as also a user of material:  Translucent_Glass_Blue
		num positions      :  18
		num normals        :  18
		num uvs            :  0
		num uvs2           :  0
		num colors         :  0
		num indices        :  30
	processing begun of mesh:  SketchUp.300
		registered as also a user of material:  Translucent_Glass_Blue
		num positions      :  12
		num normals        :  12
		num uvs            :  0
		num uvs2           :  0
		num colors         :  0
		num indices        :  24
	processing begun of mesh:  SketchUp.299
		registered as also a user of material:  Translucent_Glass_Blue
		num positions      :  80
		num normals        :  80
		num uvs            :  0
		num uvs2           :  0
		num colors         :  0
		num indices        :  144
	processing begun of mesh:  SketchUp.298
		WARNING: No materials have been assigned: 
		num positions      :  14
		num normals        :  14
		num uvs            :  0
		num uvs2           :  0
		num colors         :  0
		num indices        :  18
	processing begun of mesh:  SketchUp.294
		registered as also a user of material:  Wall
		num positions      :  128
		num normals        :  128
		num uvs            :  0
		num uvs2           :  0
		num colors         :  0
		num indices        :  294
	processing begun of mesh:  instance_0.032
		WARNING: No materials have been assigned: 
		num positions      :  0
		num normals        :  0
		num uvs            :  0
		num uvs2           :  0
		num colors         :  0
		num indices        :  0
	processing begun of mesh:  instance_0.031
		WARNING: No materials have been assigned: 
		num positions      :  0
		num normals        :  0
		num uvs            :  0
		num uvs2           :  0
		num colors         :  0
		num indices        :  0
	processing begun of mesh:  instance_0.030
		WARNING: No materials have been assigned: 
		num positions      :  0
		num normals        :  0
		num uvs            :  0
		num uvs2           :  0
		num colors         :  0
		num indices        :  0
	processing begun of mesh:  instance_0.029
		WARNING: No materials have been assigned: 
		num positions      :  0
		num normals        :  0
		num uvs            :  0
		num uvs2           :  0
		num colors         :  0
		num indices        :  0
	processing begun of mesh:  instance_0.028
		WARNING: No materials have been assigned: 
		num positions      :  0
		num normals        :  0
		num uvs            :  0
		num uvs2           :  0
		num colors         :  0
		num indices        :  0
	processing begun of mesh:  instance_0.027
		WARNING: No materials have been assigned: 
		num positions      :  0
		num normals        :  0
		num uvs            :  0
		num uvs2           :  0
		num colors         :  0
		num indices        :  0
	processing begun of mesh:  instance_0.026
		WARNING: No materials have been assigned: 
		num positions      :  0
		num normals        :  0
		num uvs            :  0
		num uvs2           :  0
		num colors         :  0
		num indices        :  0
	processing begun of mesh:  instance_0.025
		WARNING: No materials have been assigned: 
		num positions      :  0
		num normals        :  0
		num uvs            :  0
		num uvs2           :  0
		num colors         :  0
		num indices        :  0
	processing begun of mesh:  instance_0.024
		WARNING: No materials have been assigned: 
		num positions      :  0
		num normals        :  0
		num uvs            :  0
		num uvs2           :  0
		num colors         :  0
		num indices        :  0
	processing begun of mesh:  instance_0.023
		WARNING: No materials have been assigned: 
		num positions      :  0
		num normals        :  0
		num uvs            :  0
		num uvs2           :  0
		num colors         :  0
		num indices        :  0
	processing begun of mesh:  instance_0.022
		WARNING: No materials have been assigned: 
		num positions      :  0
		num normals        :  0
		num uvs            :  0
		num uvs2           :  0
		num colors         :  0
		num indices        :  0
	processing begun of mesh:  instance_0.021
		WARNING: No materials have been assigned: 
		num positions      :  0
		num normals        :  0
		num uvs            :  0
		num uvs2           :  0
		num colors         :  0
		num indices        :  0
	processing begun of mesh:  instance_0.020
		WARNING: No materials have been assigned: 
		num positions      :  0
		num normals        :  0
		num uvs            :  0
		num uvs2           :  0
		num colors         :  0
		num indices        :  0
	processing begun of mesh:  instance_0.019
		WARNING: No materials have been assigned: 
		num positions      :  8
		num normals        :  8
		num uvs            :  0
		num uvs2           :  0
		num colors         :  0
		num indices        :  12
	processing begun of mesh:  instance_0.018
		WARNING: No materials have been assigned: 
		num positions      :  66
		num normals        :  66
		num uvs            :  0
		num uvs2           :  0
		num colors         :  0
		num indices        :  186
	processing begun of mesh:  instance_0.017
		WARNING: No materials have been assigned: 
		num positions      :  8
		num normals        :  8
		num uvs            :  0
		num uvs2           :  0
		num colors         :  0
		num indices        :  12
	processing begun of mesh:  instance_0.016
		WARNING: No materials have been assigned: 
		num positions      :  46
		num normals        :  46
		num uvs            :  0
		num uvs2           :  0
		num colors         :  0
		num indices        :  126
	processing begun of mesh:  instance_0.015
		WARNING: No materials have been assigned: 
		num positions      :  14
		num normals        :  14
		num uvs            :  0
		num uvs2           :  0
		num colors         :  0
		num indices        :  30
	processing begun of mesh:  instance_0.014
		WARNING: No materials have been assigned: 
		num positions      :  14
		num normals        :  14
		num uvs            :  0
		num uvs2           :  0
		num colors         :  0
		num indices        :  30
	processing begun of mesh:  instance_0.013
		WARNING: No materials have been assigned: 
		num positions      :  38
		num normals        :  38
		num uvs            :  0
		num uvs2           :  0
		num colors         :  0
		num indices        :  102
	processing begun of mesh:  instance_0.012
		WARNING: No materials have been assigned: 
		num positions      :  12
		num normals        :  12
		num uvs            :  0
		num uvs2           :  0
		num colors         :  0
		num indices        :  24
	processing begun of mesh:  instance_0.011
		WARNING: No materials have been assigned: 
		num positions      :  58
		num normals        :  58
		num uvs            :  0
		num uvs2           :  0
		num colors         :  0
		num indices        :  162
	processing begun of mesh:  instance_0.010
		WARNING: No materials have been assigned: 
		num positions      :  282
		num normals        :  282
		num uvs            :  0
		num uvs2           :  0
		num colors         :  0
		num indices        :  834
	processing begun of mesh:  instance_0.009
		WARNING: No materials have been assigned: 
		num positions      :  38
		num normals        :  38
		num uvs            :  0
		num uvs2           :  0
		num colors         :  0
		num indices        :  102
	processing begun of mesh:  instance_0.008
		WARNING: No materials have been assigned: 
		num positions      :  38
		num normals        :  38
		num uvs            :  0
		num uvs2           :  0
		num colors         :  0
		num indices        :  102
	processing begun of mesh:  instance_0.007
		WARNING: No materials have been assigned: 
		num positions      :  32
		num normals        :  32
		num uvs            :  0
		num uvs2           :  0
		num colors         :  0
		num indices        :  84
	processing begun of mesh:  instance_0.006
		WARNING: No materials have been assigned: 
		num positions      :  130
		num normals        :  130
		num uvs            :  0
		num uvs2           :  0
		num colors         :  0
		num indices        :  366
	processing begun of mesh:  instance_0.005
		WARNING: No materials have been assigned: 
		num positions      :  16
		num normals        :  16
		num uvs            :  0
		num uvs2           :  0
		num colors         :  0
		num indices        :  36
	processing begun of mesh:  instance_0.004
		WARNING: No materials have been assigned: 
		num positions      :  122
		num normals        :  122
		num uvs            :  0
		num uvs2           :  0
		num colors         :  0
		num indices        :  354
	processing begun of mesh:  instance_0.003
		WARNING: No materials have been assigned: 
		num positions      :  154
		num normals        :  154
		num uvs            :  0
		num uvs2           :  0
		num colors         :  0
		num indices        :  450
	processing begun of mesh:  instance_0.002
		WARNING: No materials have been assigned: 
		num positions      :  248
		num normals        :  248
		num uvs            :  0
		num uvs2           :  0
		num colors         :  0
		num indices        :  762
	processing begun of mesh:  ArtworkPane
		WARNING: No materials have been assigned: 
		num positions      :  8
		num normals        :  8
		num uvs            :  0
		num uvs2           :  0
		num colors         :  0
		num indices        :  36
	processing begun of mesh:  ArtworkPane.003
		WARNING: No materials have been assigned: 
		num positions      :  8
		num normals        :  8
		num uvs            :  0
		num uvs2           :  0
		num colors         :  0
		num indices        :  36
	processing begun of mesh:  ArtworkPane.002
		WARNING: No materials have been assigned: 
		num positions      :  8
		num normals        :  8
		num uvs            :  0
		num uvs2           :  0
		num colors         :  0
		num indices        :  36
	processing begun of mesh:  ArtworkPane.001
		WARNING: No materials have been assigned: 
		num positions      :  8
		num normals        :  8
		num uvs            :  0
		num uvs2           :  0
		num colors         :  0
		num indices        :  36
	processing begun of mesh:  Column.001
		WARNING: No materials have been assigned: 
		num positions      :  8
		num normals        :  8
		num uvs            :  0
		num uvs2           :  0
		num colors         :  0
		num indices        :  36
	processing begun of mesh:  Column.002
		WARNING: No materials have been assigned: 
		num positions      :  8
		num normals        :  8
		num uvs            :  0
		num uvs2           :  0
		num colors         :  0
		num indices        :  36
	processing begun of mesh:  Column.003
		WARNING: No materials have been assigned: 
		num positions      :  8
		num normals        :  8
		num uvs            :  0
		num uvs2           :  0
		num colors         :  0
		num indices        :  36
	processing begun of mesh:  StructureBeam
		registered as also a user of material:  Wall
		num positions      :  8
		num normals        :  8
		num uvs            :  0
		num uvs2           :  0
		num colors         :  0
		num indices        :  36
	processing begun of mesh:  Column.000
		WARNING: No materials have been assigned: 
		num positions      :  8
		num normals        :  8
		num uvs            :  0
		num uvs2           :  0
		num colors         :  0
		num indices        :  36
	processing begun of mesh:  BuildingStructureWall
		registered as also a user of material:  Wall
		num positions      :  41
		num normals        :  41
		num uvs            :  82
		num uvs2           :  82
		num colors         :  0
		num indices        :  183
	WARNING: The following camera not visible in scene thus ignored: Camera
	processing begun of mesh:  Cube.001
		WARNING: No materials have been assigned: 
		num positions      :  27
		num normals        :  27
		num uvs            :  54
		num uvs2           :  0
		num colors         :  0
		num indices        :  36
	processing begun of mesh:  Cube.002
		WARNING: No materials have been assigned: 
		num positions      :  27
		num normals        :  27
		num uvs            :  54
		num uvs2           :  0
		num colors         :  0
		num indices        :  36
	processing begun of mesh:  Cube.003
		WARNING: No materials have been assigned: 
		num positions      :  27
		num normals        :  27
		num uvs            :  54
		num uvs2           :  0
		num colors         :  0
		num indices        :  36
	processing begun of mesh:  Cube.004
		registered as also a user of material:  Translucent_Glass_Blue
		num positions      :  27
		num normals        :  27
		num uvs            :  54
		num uvs2           :  0
		num colors         :  0
		num indices        :  36
	processing begun of light (HEMI):  Point
	processing begun of light (SUN):  Sun
	WARNING: The following lamp not visible in scene thus ignored: Lamp
========= Writing of scene file started =========
========= Writing of scene file completed =========
========= end of processing =========
elapsed time:  0 min, 0.7201 secs
