Exporter version: 5.4.2, Blender version: 2.79 (sub 0)
========= Conversion from Blender to Babylon.js =========
	Scene settings used:
		selected layers only:  false
		flat shading entire scene:  true
		inline textures:  false
		texture directory:  C:\MAMP\htdocs\3D-gallary\assets\models\
	Python World class constructor completed
	WARNING: No active camera has been assigned, or is not in a currently selected Blender layer
	processing begun of node:  hand bar
	processing begun of mesh:  개체_10
		processing begun of Standard material:  darkWood
			Diffuse texture found "Texture.003"
				Image texture found, type:  diffuseTexture, mapped using: "UVMap"
		num positions      :  1836
		num normals        :  1836
		num uvs            :  3672
		num uvs2           :  0
		num colors         :  0
		num indices        :  1836
	processing begun of mesh:  개체_9
		registered as also a user of material:  darkWood
		num positions      :  4956
		num normals        :  4956
		num uvs            :  9912
		num uvs2           :  0
		num colors         :  0
		num indices        :  4956
	processing begun of mesh:  개체_8
		registered as also a user of material:  darkWood
		num positions      :  2064
		num normals        :  2064
		num uvs            :  4128
		num uvs2           :  0
		num colors         :  0
		num indices        :  2064
	processing begun of node:  stair
	processing begun of node:  door
	processing begun of mesh:  개체_12
		registered as also a user of material:  darkWood
		num positions      :  2157
		num normals        :  2157
		num uvs            :  4314
		num uvs2           :  0
		num colors         :  0
		num indices        :  2157
	processing begun of node:  subtract
	processing begun of node:  construction
	processing begun of mesh:  개체_7
		processing begun of Standard material:  window.001
		num positions      :  1482
		num normals        :  1482
		num uvs            :  2964
		num uvs2           :  0
		num colors         :  0
		num indices        :  1482
	processing begun of mesh:  second floor
		processing begun of Standard material:  concrete
			Diffuse texture found "Texture.001"
				Image texture found, type:  diffuseTexture, mapped using: "UVMap"
		num positions      :  15258
		num normals        :  15258
		num uvs            :  30516
		num uvs2           :  0
		num colors         :  0
		num indices        :  15258
	processing begun of mesh:  개체_6
		registered as also a user of material:  concrete
		num positions      :  1458
		num normals        :  1458
		num uvs            :  2916
		num uvs2           :  0
		num colors         :  0
		num indices        :  1458
	processing begun of mesh:  개체_5
		registered as also a user of material:  concrete
		num positions      :  65535
		num normals        :  65535
		num uvs            :  131070
		num uvs2           :  0
		num colors         :  0
		num indices        :  65535
	WARNING: The following mesh has exceeded the maximum # of vertex elements & will be broken into multiple Babylon meshes: 개체_5
	processing begun of mesh:  개체_51
		registered as also a user of material:  concrete
		num positions      :  10365
		num normals        :  10365
		num uvs            :  20730
		num uvs2           :  0
		num colors         :  0
		num indices        :  10365
	processing begun of node:  ground
	processing begun of mesh:  개체_11
		processing begun of Standard material:  ground
			Diffuse texture found "Texture.002"
				Image texture found, type:  diffuseTexture, mapped using: "UVMap"
		num positions      :  1584
		num normals        :  1584
		num uvs            :  3168
		num uvs2           :  0
		num colors         :  0
		num indices        :  1584
	processing begun of node:  frames
	processing begun of mesh:  개체_13
		processing begun of Standard material:  lightWood
			Diffuse texture found "Texture.004"
				Image texture found, type:  diffuseTexture, mapped using: "UVMap"
		num positions      :  49056
		num normals        :  49056
		num uvs            :  98112
		num uvs2           :  0
		num colors         :  0
		num indices        :  49056
	processing begun of node:  window
	processing begun of mesh:  개체_16
		registered as also a user of material:  window.001
		num positions      :  852
		num normals        :  852
		num uvs            :  1704
		num uvs2           :  0
		num colors         :  0
		num indices        :  852
	processing begun of mesh:  개체_15
		registered as also a user of material:  window.001
		num positions      :  1572
		num normals        :  1572
		num uvs            :  3144
		num uvs2           :  0
		num colors         :  0
		num indices        :  1572
	processing begun of mesh:  개체_14
		registered as also a user of material:  window.001
		num positions      :  852
		num normals        :  852
		num uvs            :  1704
		num uvs2           :  0
		num colors         :  0
		num indices        :  852
	processing begun of mesh:  construction_2
		registered as also a user of material:  window.001
		num positions      :  13176
		num normals        :  13176
		num uvs            :  26352
		num uvs2           :  0
		num colors         :  0
		num indices        :  13176
	processing begun of node:  lights
	processing begun of mesh:  개체_4
		processing begun of Standard material:  lights
		num positions      :  9240
		num normals        :  9240
		num uvs            :  18480
		num uvs2           :  0
		num colors         :  0
		num indices        :  9240
	processing begun of mesh:  개체_3
		registered as also a user of material:  lights
		num positions      :  9240
		num normals        :  9240
		num uvs            :  18480
		num uvs2           :  0
		num colors         :  0
		num indices        :  9240
	processing begun of mesh:  개체_1
		registered as also a user of material:  lights
		num positions      :  9240
		num normals        :  9240
		num uvs            :  18480
		num uvs2           :  0
		num colors         :  0
		num indices        :  9240
	processing begun of node:  gatest
	processing begun of mesh:  Plane
		WARNING: No materials have been assigned: 
		num positions      :  6
		num normals        :  6
		num uvs            :  0
		num uvs2           :  0
		num colors         :  0
		num indices        :  6
	processing begun of light (HEMI):  1.right_ambient
	processing begun of light (HEMI):  1.left_ambient
	processing begun of light (HEMI):  1.top_ambient
	processing begun of light (SPOT):  1.Sun.001
	processing begun of shadows for light:  1.Sun.001
========= Writing of scene file started =========
========= Writing of scene file completed =========
========= end of processing =========
elapsed time:  0 min, 13.0647 secs
