Exporter version: 5.4.2, Blender version: 2.79 (sub 0)
========= Conversion from Blender to Babylon.js =========
	Scene settings used:
		selected layers only:  false
		flat shading entire scene:  true
		inline textures:  false
		texture directory:  C:\MAMP\htdocs\3D-gallary\assets\models\
	Python World class constructor completed
	WARNING: No active camera has been assigned, or is not in a currently selected Blender layer
	processing begun of node:  hand bar
	processing begun of mesh:  Object_5
		processing begun of Standard material:  darkwood
			Diffuse texture found "Texture.003"
				Image texture found, type:  diffuseTexture, mapped using: "UVMap"
		num positions      :  4956
		num normals        :  4956
		num uvs            :  9912
		num uvs2           :  0
		num colors         :  0
		num indices        :  4956
	processing begun of mesh:  Object_4
		registered as also a user of material:  darkwood
		num positions      :  2106
		num normals        :  2106
		num uvs            :  4212
		num uvs2           :  0
		num colors         :  0
		num indices        :  2106
	processing begun of mesh:  Object_3
		registered as also a user of material:  darkwood
		num positions      :  2088
		num normals        :  2088
		num uvs            :  4176
		num uvs2           :  0
		num colors         :  0
		num indices        :  2088
	processing begun of node:  door
	processing begun of mesh:  Object_11
		registered as also a user of material:  darkwood
		num positions      :  2157
		num normals        :  2157
		num uvs            :  4314
		num uvs2           :  0
		num colors         :  0
		num indices        :  2157
	processing begun of node:  construction
	processing begun of mesh:  Object_6
		processing begun of Standard material:  concreate
			Diffuse texture found "Texture"
				Image texture found, type:  diffuseTexture, mapped using: "UVMap"
		num positions      :  156
		num normals        :  156
		num uvs            :  312
		num uvs2           :  0
		num colors         :  0
		num indices        :  156
	processing begun of mesh:  Object_1
		registered as also a user of material:  concreate
		num positions      :  65535
		num normals        :  65535
		num uvs            :  131070
		num uvs2           :  0
		num colors         :  0
		num indices        :  65535
	WARNING: The following mesh has exceeded the maximum # of vertex elements & will be broken into multiple Babylon meshes: Object_1
	processing begun of mesh:  Object_11
========= An error was encountered =========
  File "C:\Program Files\Blender Foundation\Blender\2.79\scripts\addons\babylon-js\json_exporter.py", line 100, in execute
    mesh = Mesh(object, scene, nextStartFace, forcedParent, nameID, self)
  File "C:\Program Files\Blender Foundation\Blender\2.79\scripts\addons\babylon-js\mesh.py", line 142, in __init__
    instRot = scale_vector(rot.to_euler('XYZ'), -1)
ERROR:  local variable 'rot' referenced before assignment
========= end of processing =========
elapsed time:  0 min, 2.1159 secs
