Exporter version: 5.4.2, Blender version: 2.78 (sub 0)
========= Conversion from Blender to Babylon.js =========
	Scene settings used:
		selected layers only:  false
		flat shading entire scene:  false
		inline textures:  false
		texture directory:  G:\Projects!\3D Gallery\assets\
	Python World class constructor completed
	processing begun of mesh:  Cube
		WARNING: No materials have been assigned: 
		num positions      :  27
		num normals        :  27
		num uvs            :  54
		num uvs2           :  0
		num colors         :  0
		num indices        :  36
	processing begun of mesh:  Ground
		processing begun of baked material:  Ground
			Cycles baking texture, type: DIFFUSE, mapped using: UVMap
		num positions      :  8
		num normals        :  8
		num uvs            :  16
		num uvs2           :  0
		num colors         :  0
		num indices        :  36
	WARNING: The following camera not visible in scene thus ignored: Camera
	processing begun of mesh:  Cube.001
		processing begun of Standard material:  __Translucent_Glass_Blue_.001
		num positions      :  27
		num normals        :  27
		num uvs            :  54
		num uvs2           :  0
		num colors         :  0
		num indices        :  36
	processing begun of mesh:  Cube.002
		registered as also a user of material:  __Translucent_Glass_Blue_.001
		num positions      :  27
		num normals        :  27
		num uvs            :  54
		num uvs2           :  0
		num colors         :  0
		num indices        :  36
	processing begun of mesh:  Cube.003
		registered as also a user of material:  __Translucent_Glass_Blue_.001
		num positions      :  27
		num normals        :  27
		num uvs            :  54
		num uvs2           :  0
		num colors         :  0
		num indices        :  36
	processing begun of mesh:  Cube.004
		registered as also a user of material:  __Translucent_Glass_Blue_.001
		num positions      :  27
		num normals        :  27
		num uvs            :  54
		num uvs2           :  0
		num colors         :  0
		num indices        :  36
	processing begun of light (HEMI):  Point
	processing begun of light (SUN):  Sun
	WARNING: The following lamp not visible in scene thus ignored: Lamp
========= Writing of scene file started =========
========= Writing of scene file completed =========
========= end of processing =========
elapsed time:  0 min, 23.5301 secs
