Exporter version: 5.4.2, Blender version: 2.79 (sub 0)
========= Conversion from Blender to Babylon.js =========
	Scene settings used:
		selected layers only:  false
		flat shading entire scene:  false
		inline textures:  false
		texture directory:  D:\Users\C. Onur\Desktop\3D Gallery\assets\
	Python World class constructor completed
	WARNING: No active camera has been assigned, or is not in a currently selected Blender layer
	processing begun of mesh:  pCube1
		processing begun of Standard material:  initialShadingGroup
		num positions      :  36
		num normals        :  36
		num uvs            :  72
		num uvs2           :  0
		num colors         :  0
		num indices        :  36
	processing begun of mesh:  pPipe2
		registered as also a user of material:  initialShadingGroup
		num positions      :  1200
		num normals        :  1200
		num uvs            :  2400
		num uvs2           :  0
		num colors         :  0
		num indices        :  1200
	processing begun of mesh:  pCube2
		processing begun of Standard material:  TransparentCaster
			Diffuse texture found "Texture.001"
				Image texture found, type:  diffuseTexture, mapped using: "UVMap"
		num positions      :  36
		num normals        :  36
		num uvs            :  72
		num uvs2           :  0
		num colors         :  0
		num indices        :  36
	processing begun of mesh:  pPipe1
		registered as also a user of material:  initialShadingGroup
		num positions      :  1200
		num normals        :  1200
		num uvs            :  2400
		num uvs2           :  0
		num colors         :  0
		num indices        :  1200
	processing begun of mesh:  Cube
		processing begun of Standard material:  Material
			Diffuse texture found "Texture"
				Image texture found, type:  diffuseTexture, mapped using: "UVMap"
	WARNING: Error encountered processing image file:  , Error:  'D:\\Users\\C. Onur\\Desktop\\3D Gallery\\assets\\Carpet_Plush_Charcoal.jpg' and 'D:\\Users\\C. Onur\\Desktop\\3D Gallery\\assets\\Carpet_Plush_Charcoal.jpg' are the same file
		num positions      :  36
		num normals        :  36
		num uvs            :  72
		num uvs2           :  0
		num colors         :  0
		num indices        :  36
	processing begun of mesh:  pCube2.001
		registered as also a user of material:  TransparentCaster
		num positions      :  36
		num normals        :  36
		num uvs            :  72
		num uvs2           :  0
		num colors         :  0
		num indices        :  36
	processing begun of light (SPOT):  Spot
	processing begun of light (SUN):  Lamp
	processing begun of shadows for light:  Lamp
========= Writing of scene file started =========
========= Writing of scene file completed =========
========= end of processing =========
elapsed time:  0 min, 0.0654 secs
